ARM GAS  /tmp/ccE0Nq9Y.s 			page 1


   1              		.cpu cortex-m7
   2              		.arch armv7e-m
   3              		.fpu fpv5-d16
   4              		.eabi_attribute 28, 1
   5              		.eabi_attribute 20, 1
   6              		.eabi_attribute 21, 1
   7              		.eabi_attribute 23, 3
   8              		.eabi_attribute 24, 1
   9              		.eabi_attribute 25, 1
  10              		.eabi_attribute 26, 1
  11              		.eabi_attribute 30, 1
  12              		.eabi_attribute 34, 1
  13              		.eabi_attribute 18, 4
  14              		.file	"gpio.c"
  15              		.text
  16              	.Ltext0:
  17              		.cfi_sections	.debug_frame
  18              		.section	.text.MX_GPIO_Init,"ax",%progbits
  19              		.align	1
  20              		.global	MX_GPIO_Init
  21              		.syntax unified
  22              		.thumb
  23              		.thumb_func
  25              	MX_GPIO_Init:
  26              	.LFB335:
  27              		.file 1 "Src/gpio.c"
   1:Src/gpio.c    **** /* USER CODE BEGIN Header */
   2:Src/gpio.c    **** /**
   3:Src/gpio.c    ****   ******************************************************************************
   4:Src/gpio.c    ****   * @file    gpio.c
   5:Src/gpio.c    ****   * @brief   This file provides code for the configuration
   6:Src/gpio.c    ****   *          of all used GPIO pins.
   7:Src/gpio.c    ****   ******************************************************************************
   8:Src/gpio.c    ****   * @attention
   9:Src/gpio.c    ****   *
  10:Src/gpio.c    ****   * Copyright (c) 2024 STMicroelectronics.
  11:Src/gpio.c    ****   * All rights reserved.
  12:Src/gpio.c    ****   *
  13:Src/gpio.c    ****   * This software is licensed under terms that can be found in the LICENSE file
  14:Src/gpio.c    ****   * in the root directory of this software component.
  15:Src/gpio.c    ****   * If no LICENSE file comes with this software, it is provided AS-IS.
  16:Src/gpio.c    ****   *
  17:Src/gpio.c    ****   ******************************************************************************
  18:Src/gpio.c    ****   */
  19:Src/gpio.c    **** /* USER CODE END Header */
  20:Src/gpio.c    **** 
  21:Src/gpio.c    **** /* Includes ------------------------------------------------------------------*/
  22:Src/gpio.c    **** #include "gpio.h"
  23:Src/gpio.c    **** 
  24:Src/gpio.c    **** /* USER CODE BEGIN 0 */
  25:Src/gpio.c    **** 
  26:Src/gpio.c    **** /* USER CODE END 0 */
  27:Src/gpio.c    **** 
  28:Src/gpio.c    **** /*----------------------------------------------------------------------------*/
  29:Src/gpio.c    **** /* Configure GPIO                                                             */
  30:Src/gpio.c    **** /*----------------------------------------------------------------------------*/
  31:Src/gpio.c    **** /* USER CODE BEGIN 1 */
ARM GAS  /tmp/ccE0Nq9Y.s 			page 2


  32:Src/gpio.c    **** 
  33:Src/gpio.c    **** /* USER CODE END 1 */
  34:Src/gpio.c    **** 
  35:Src/gpio.c    **** /** Configure pins
  36:Src/gpio.c    ****      PA15 (JTDI)   ------> DEBUG_JTDI
  37:Src/gpio.c    ****      PB4 (NJTRST)   ------> DEBUG_JTRST
  38:Src/gpio.c    ****      PA14 (JTCK/SWCLK)   ------> DEBUG_JTCK-SWCLK
  39:Src/gpio.c    ****      PC15-OSC32_OUT (OSC32_OUT)   ------> RCC_OSC32_OUT
  40:Src/gpio.c    ****      PC14-OSC32_IN (OSC32_IN)   ------> RCC_OSC32_IN
  41:Src/gpio.c    ****      PB3 (JTDO/TRACESWO)   ------> DEBUG_JTDO-SWO
  42:Src/gpio.c    ****      PA13 (JTMS/SWDIO)   ------> DEBUG_JTMS-SWDIO
  43:Src/gpio.c    ****      PA10   ------> USB_OTG_FS_ID
  44:Src/gpio.c    ****      PA12   ------> USB_OTG_FS_DP
  45:Src/gpio.c    ****      PA11   ------> USB_OTG_FS_DM
  46:Src/gpio.c    ****      PH1-OSC_OUT (PH1)   ------> RCC_OSC_OUT
  47:Src/gpio.c    ****      PH0-OSC_IN (PH0)   ------> RCC_OSC_IN
  48:Src/gpio.c    **** */
  49:Src/gpio.c    **** void MX_GPIO_Init(void)
  50:Src/gpio.c    **** {
  28              		.loc 1 50 1 view -0
  29              		.cfi_startproc
  30              		@ args = 0, pretend = 0, frame = 64
  31              		@ frame_needed = 0, uses_anonymous_args = 0
  32 0000 2DE9F04F 		push	{r4, r5, r6, r7, r8, r9, r10, fp, lr}
  33              	.LCFI0:
  34              		.cfi_def_cfa_offset 36
  35              		.cfi_offset 4, -36
  36              		.cfi_offset 5, -32
  37              		.cfi_offset 6, -28
  38              		.cfi_offset 7, -24
  39              		.cfi_offset 8, -20
  40              		.cfi_offset 9, -16
  41              		.cfi_offset 10, -12
  42              		.cfi_offset 11, -8
  43              		.cfi_offset 14, -4
  44 0004 91B0     		sub	sp, sp, #68
  45              	.LCFI1:
  46              		.cfi_def_cfa_offset 104
  51:Src/gpio.c    **** 
  52:Src/gpio.c    ****   GPIO_InitTypeDef GPIO_InitStruct = {0};
  47              		.loc 1 52 3 view .LVU1
  48              		.loc 1 52 20 is_stmt 0 view .LVU2
  49 0006 0024     		movs	r4, #0
  50 0008 0B94     		str	r4, [sp, #44]
  51 000a 0C94     		str	r4, [sp, #48]
  52 000c 0D94     		str	r4, [sp, #52]
  53 000e 0E94     		str	r4, [sp, #56]
  54 0010 0F94     		str	r4, [sp, #60]
  53:Src/gpio.c    **** 
  54:Src/gpio.c    ****   /* GPIO Ports Clock Enable */
  55:Src/gpio.c    ****   __HAL_RCC_GPIOI_CLK_ENABLE();
  55              		.loc 1 55 3 is_stmt 1 view .LVU3
  56              	.LBB2:
  57              		.loc 1 55 3 view .LVU4
  58              		.loc 1 55 3 view .LVU5
  59 0012 934B     		ldr	r3, .L3
  60 0014 D3F8E020 		ldr	r2, [r3, #224]
ARM GAS  /tmp/ccE0Nq9Y.s 			page 3


  61 0018 42F48072 		orr	r2, r2, #256
  62 001c C3F8E020 		str	r2, [r3, #224]
  63              		.loc 1 55 3 view .LVU6
  64 0020 D3F8E020 		ldr	r2, [r3, #224]
  65 0024 02F48072 		and	r2, r2, #256
  66 0028 0092     		str	r2, [sp]
  67              		.loc 1 55 3 view .LVU7
  68 002a 009A     		ldr	r2, [sp]
  69              	.LBE2:
  70              		.loc 1 55 3 view .LVU8
  56:Src/gpio.c    ****   __HAL_RCC_GPIOK_CLK_ENABLE();
  71              		.loc 1 56 3 view .LVU9
  72              	.LBB3:
  73              		.loc 1 56 3 view .LVU10
  74              		.loc 1 56 3 view .LVU11
  75 002c D3F8E020 		ldr	r2, [r3, #224]
  76 0030 42F48062 		orr	r2, r2, #1024
  77 0034 C3F8E020 		str	r2, [r3, #224]
  78              		.loc 1 56 3 view .LVU12
  79 0038 D3F8E020 		ldr	r2, [r3, #224]
  80 003c 02F48062 		and	r2, r2, #1024
  81 0040 0192     		str	r2, [sp, #4]
  82              		.loc 1 56 3 view .LVU13
  83 0042 019A     		ldr	r2, [sp, #4]
  84              	.LBE3:
  85              		.loc 1 56 3 view .LVU14
  57:Src/gpio.c    ****   __HAL_RCC_GPIOG_CLK_ENABLE();
  86              		.loc 1 57 3 view .LVU15
  87              	.LBB4:
  88              		.loc 1 57 3 view .LVU16
  89              		.loc 1 57 3 view .LVU17
  90 0044 D3F8E020 		ldr	r2, [r3, #224]
  91 0048 42F04002 		orr	r2, r2, #64
  92 004c C3F8E020 		str	r2, [r3, #224]
  93              		.loc 1 57 3 view .LVU18
  94 0050 D3F8E020 		ldr	r2, [r3, #224]
  95 0054 02F04002 		and	r2, r2, #64
  96 0058 0292     		str	r2, [sp, #8]
  97              		.loc 1 57 3 view .LVU19
  98 005a 029A     		ldr	r2, [sp, #8]
  99              	.LBE4:
 100              		.loc 1 57 3 view .LVU20
  58:Src/gpio.c    ****   __HAL_RCC_GPIOD_CLK_ENABLE();
 101              		.loc 1 58 3 view .LVU21
 102              	.LBB5:
 103              		.loc 1 58 3 view .LVU22
 104              		.loc 1 58 3 view .LVU23
 105 005c D3F8E020 		ldr	r2, [r3, #224]
 106 0060 42F00802 		orr	r2, r2, #8
 107 0064 C3F8E020 		str	r2, [r3, #224]
 108              		.loc 1 58 3 view .LVU24
 109 0068 D3F8E020 		ldr	r2, [r3, #224]
 110 006c 02F00802 		and	r2, r2, #8
 111 0070 0392     		str	r2, [sp, #12]
 112              		.loc 1 58 3 view .LVU25
 113 0072 039A     		ldr	r2, [sp, #12]
 114              	.LBE5:
ARM GAS  /tmp/ccE0Nq9Y.s 			page 4


 115              		.loc 1 58 3 view .LVU26
  59:Src/gpio.c    ****   __HAL_RCC_GPIOA_CLK_ENABLE();
 116              		.loc 1 59 3 view .LVU27
 117              	.LBB6:
 118              		.loc 1 59 3 view .LVU28
 119              		.loc 1 59 3 view .LVU29
 120 0074 D3F8E020 		ldr	r2, [r3, #224]
 121 0078 42F00102 		orr	r2, r2, #1
 122 007c C3F8E020 		str	r2, [r3, #224]
 123              		.loc 1 59 3 view .LVU30
 124 0080 D3F8E020 		ldr	r2, [r3, #224]
 125 0084 02F00102 		and	r2, r2, #1
 126 0088 0492     		str	r2, [sp, #16]
 127              		.loc 1 59 3 view .LVU31
 128 008a 049A     		ldr	r2, [sp, #16]
 129              	.LBE6:
 130              		.loc 1 59 3 view .LVU32
  60:Src/gpio.c    ****   __HAL_RCC_GPIOE_CLK_ENABLE();
 131              		.loc 1 60 3 view .LVU33
 132              	.LBB7:
 133              		.loc 1 60 3 view .LVU34
 134              		.loc 1 60 3 view .LVU35
 135 008c D3F8E020 		ldr	r2, [r3, #224]
 136 0090 42F01002 		orr	r2, r2, #16
 137 0094 C3F8E020 		str	r2, [r3, #224]
 138              		.loc 1 60 3 view .LVU36
 139 0098 D3F8E020 		ldr	r2, [r3, #224]
 140 009c 02F01002 		and	r2, r2, #16
 141 00a0 0592     		str	r2, [sp, #20]
 142              		.loc 1 60 3 view .LVU37
 143 00a2 059A     		ldr	r2, [sp, #20]
 144              	.LBE7:
 145              		.loc 1 60 3 view .LVU38
  61:Src/gpio.c    ****   __HAL_RCC_GPIOB_CLK_ENABLE();
 146              		.loc 1 61 3 view .LVU39
 147              	.LBB8:
 148              		.loc 1 61 3 view .LVU40
 149              		.loc 1 61 3 view .LVU41
 150 00a4 D3F8E020 		ldr	r2, [r3, #224]
 151 00a8 42F00202 		orr	r2, r2, #2
 152 00ac C3F8E020 		str	r2, [r3, #224]
 153              		.loc 1 61 3 view .LVU42
 154 00b0 D3F8E020 		ldr	r2, [r3, #224]
 155 00b4 02F00202 		and	r2, r2, #2
 156 00b8 0692     		str	r2, [sp, #24]
 157              		.loc 1 61 3 view .LVU43
 158 00ba 069A     		ldr	r2, [sp, #24]
 159              	.LBE8:
 160              		.loc 1 61 3 view .LVU44
  62:Src/gpio.c    ****   __HAL_RCC_GPIOJ_CLK_ENABLE();
 161              		.loc 1 62 3 view .LVU45
 162              	.LBB9:
 163              		.loc 1 62 3 view .LVU46
 164              		.loc 1 62 3 view .LVU47
 165 00bc D3F8E020 		ldr	r2, [r3, #224]
 166 00c0 42F40072 		orr	r2, r2, #512
 167 00c4 C3F8E020 		str	r2, [r3, #224]
ARM GAS  /tmp/ccE0Nq9Y.s 			page 5


 168              		.loc 1 62 3 view .LVU48
 169 00c8 D3F8E020 		ldr	r2, [r3, #224]
 170 00cc 02F40072 		and	r2, r2, #512
 171 00d0 0792     		str	r2, [sp, #28]
 172              		.loc 1 62 3 view .LVU49
 173 00d2 079A     		ldr	r2, [sp, #28]
 174              	.LBE9:
 175              		.loc 1 62 3 view .LVU50
  63:Src/gpio.c    ****   __HAL_RCC_GPIOH_CLK_ENABLE();
 176              		.loc 1 63 3 view .LVU51
 177              	.LBB10:
 178              		.loc 1 63 3 view .LVU52
 179              		.loc 1 63 3 view .LVU53
 180 00d4 D3F8E020 		ldr	r2, [r3, #224]
 181 00d8 42F08002 		orr	r2, r2, #128
 182 00dc C3F8E020 		str	r2, [r3, #224]
 183              		.loc 1 63 3 view .LVU54
 184 00e0 D3F8E020 		ldr	r2, [r3, #224]
 185 00e4 02F08002 		and	r2, r2, #128
 186 00e8 0892     		str	r2, [sp, #32]
 187              		.loc 1 63 3 view .LVU55
 188 00ea 089A     		ldr	r2, [sp, #32]
 189              	.LBE10:
 190              		.loc 1 63 3 view .LVU56
  64:Src/gpio.c    ****   __HAL_RCC_GPIOC_CLK_ENABLE();
 191              		.loc 1 64 3 view .LVU57
 192              	.LBB11:
 193              		.loc 1 64 3 view .LVU58
 194              		.loc 1 64 3 view .LVU59
 195 00ec D3F8E020 		ldr	r2, [r3, #224]
 196 00f0 42F00402 		orr	r2, r2, #4
 197 00f4 C3F8E020 		str	r2, [r3, #224]
 198              		.loc 1 64 3 view .LVU60
 199 00f8 D3F8E020 		ldr	r2, [r3, #224]
 200 00fc 02F00402 		and	r2, r2, #4
 201 0100 0992     		str	r2, [sp, #36]
 202              		.loc 1 64 3 view .LVU61
 203 0102 099A     		ldr	r2, [sp, #36]
 204              	.LBE11:
 205              		.loc 1 64 3 view .LVU62
  65:Src/gpio.c    ****   __HAL_RCC_GPIOF_CLK_ENABLE();
 206              		.loc 1 65 3 view .LVU63
 207              	.LBB12:
 208              		.loc 1 65 3 view .LVU64
 209              		.loc 1 65 3 view .LVU65
 210 0104 D3F8E020 		ldr	r2, [r3, #224]
 211 0108 42F02002 		orr	r2, r2, #32
 212 010c C3F8E020 		str	r2, [r3, #224]
 213              		.loc 1 65 3 view .LVU66
 214 0110 D3F8E030 		ldr	r3, [r3, #224]
 215 0114 03F02003 		and	r3, r3, #32
 216 0118 0A93     		str	r3, [sp, #40]
 217              		.loc 1 65 3 view .LVU67
 218 011a 0A9B     		ldr	r3, [sp, #40]
 219              	.LBE12:
 220              		.loc 1 65 3 view .LVU68
  66:Src/gpio.c    **** 
ARM GAS  /tmp/ccE0Nq9Y.s 			page 6


  67:Src/gpio.c    ****   /*Configure GPIO pin Output Level */
  68:Src/gpio.c    ****   HAL_GPIO_WritePin(GPIOI, GPIO_PIN_4|GPIO_PIN_7|GPIO_PIN_8|GPIO_PIN_10
 221              		.loc 1 68 3 view .LVU69
 222 011c 514E     		ldr	r6, .L3+4
 223 011e 2246     		mov	r2, r4
 224 0120 4FF29051 		movw	r1, #62864
 225 0124 3046     		mov	r0, r6
 226 0126 FFF7FEFF 		bl	HAL_GPIO_WritePin
 227              	.LVL0:
  69:Src/gpio.c    ****                           |GPIO_PIN_12|GPIO_PIN_13|GPIO_PIN_14|GPIO_PIN_15, GPIO_PIN_RESET);
  70:Src/gpio.c    **** 
  71:Src/gpio.c    ****   /*Configure GPIO pin Output Level */
  72:Src/gpio.c    ****   HAL_GPIO_WritePin(GPIOK, GPIO_PIN_5|GPIO_PIN_4|GPIO_PIN_6|GPIO_PIN_3
 228              		.loc 1 72 3 view .LVU70
 229 012a DFF850B1 		ldr	fp, .L3+28
 230 012e 2246     		mov	r2, r4
 231 0130 FC21     		movs	r1, #252
 232 0132 5846     		mov	r0, fp
 233 0134 FFF7FEFF 		bl	HAL_GPIO_WritePin
 234              	.LVL1:
  73:Src/gpio.c    ****                           |GPIO_PIN_7|GPIO_PIN_2, GPIO_PIN_RESET);
  74:Src/gpio.c    **** 
  75:Src/gpio.c    ****   /*Configure GPIO pin Output Level */
  76:Src/gpio.c    ****   HAL_GPIO_WritePin(GPIOD, GPIO_PIN_3|GPIO_PIN_11, GPIO_PIN_RESET);
 235              		.loc 1 76 3 view .LVU71
 236 0138 DFF844A1 		ldr	r10, .L3+32
 237 013c 2246     		mov	r2, r4
 238 013e 40F60801 		movw	r1, #2056
 239 0142 5046     		mov	r0, r10
 240 0144 FFF7FEFF 		bl	HAL_GPIO_WritePin
 241              	.LVL2:
  77:Src/gpio.c    **** 
  78:Src/gpio.c    ****   /*Configure GPIO pin Output Level */
  79:Src/gpio.c    ****   HAL_GPIO_WritePin(GPIOH, GPIO_PIN_15, GPIO_PIN_RESET);
 242              		.loc 1 79 3 view .LVU72
 243 0148 DFF83891 		ldr	r9, .L3+36
 244 014c 2246     		mov	r2, r4
 245 014e 4FF40041 		mov	r1, #32768
 246 0152 4846     		mov	r0, r9
 247 0154 FFF7FEFF 		bl	HAL_GPIO_WritePin
 248              	.LVL3:
  80:Src/gpio.c    **** 
  81:Src/gpio.c    ****   /*Configure GPIO pin Output Level */
  82:Src/gpio.c    ****   HAL_GPIO_WritePin(GPIOE, GPIO_PIN_2, GPIO_PIN_RESET);
 249              		.loc 1 82 3 view .LVU73
 250 0158 2246     		mov	r2, r4
 251 015a 0421     		movs	r1, #4
 252 015c 4248     		ldr	r0, .L3+8
 253 015e FFF7FEFF 		bl	HAL_GPIO_WritePin
 254              	.LVL4:
  83:Src/gpio.c    **** 
  84:Src/gpio.c    ****   /*Configure GPIO pin Output Level */
  85:Src/gpio.c    ****   HAL_GPIO_WritePin(GPIOJ, GPIO_PIN_14|BTN1_Pin|BTN2_Pin|SEGA_Pin
 255              		.loc 1 85 3 view .LVU74
 256 0162 424F     		ldr	r7, .L3+12
 257 0164 2246     		mov	r2, r4
 258 0166 47F2FF01 		movw	r1, #28927
ARM GAS  /tmp/ccE0Nq9Y.s 			page 7


 259 016a 3846     		mov	r0, r7
 260 016c FFF7FEFF 		bl	HAL_GPIO_WritePin
 261              	.LVL5:
  86:Src/gpio.c    ****                           |SEGDP_Pin|SEGG_Pin|SEGB_Pin|SEGF_Pin
  87:Src/gpio.c    ****                           |SEGC_Pin|SEGD_Pin|SEGE_Pin, GPIO_PIN_RESET);
  88:Src/gpio.c    **** 
  89:Src/gpio.c    ****   /*Configure GPIO pin Output Level */
  90:Src/gpio.c    ****   HAL_GPIO_WritePin(GPIOG, GPIO_PIN_3, GPIO_PIN_RESET);
 262              		.loc 1 90 3 view .LVU75
 263 0170 2246     		mov	r2, r4
 264 0172 0821     		movs	r1, #8
 265 0174 3E48     		ldr	r0, .L3+16
 266 0176 FFF7FEFF 		bl	HAL_GPIO_WritePin
 267              	.LVL6:
  91:Src/gpio.c    **** 
  92:Src/gpio.c    ****   /*Configure GPIO pins : PI4 PI7 PI8 PI10
  93:Src/gpio.c    ****                            PI12 PI13 PI14 PI15 */
  94:Src/gpio.c    ****   GPIO_InitStruct.Pin = GPIO_PIN_4|GPIO_PIN_7|GPIO_PIN_8|GPIO_PIN_10
 268              		.loc 1 94 3 view .LVU76
 269              		.loc 1 94 23 is_stmt 0 view .LVU77
 270 017a 4FF29053 		movw	r3, #62864
 271 017e 0B93     		str	r3, [sp, #44]
  95:Src/gpio.c    ****                           |GPIO_PIN_12|GPIO_PIN_13|GPIO_PIN_14|GPIO_PIN_15;
  96:Src/gpio.c    ****   GPIO_InitStruct.Mode = GPIO_MODE_OUTPUT_PP;
 272              		.loc 1 96 3 is_stmt 1 view .LVU78
 273              		.loc 1 96 24 is_stmt 0 view .LVU79
 274 0180 0125     		movs	r5, #1
 275 0182 0C95     		str	r5, [sp, #48]
  97:Src/gpio.c    ****   GPIO_InitStruct.Pull = GPIO_NOPULL;
 276              		.loc 1 97 3 is_stmt 1 view .LVU80
 277              		.loc 1 97 24 is_stmt 0 view .LVU81
 278 0184 0D94     		str	r4, [sp, #52]
  98:Src/gpio.c    ****   GPIO_InitStruct.Speed = GPIO_SPEED_FREQ_LOW;
 279              		.loc 1 98 3 is_stmt 1 view .LVU82
 280              		.loc 1 98 25 is_stmt 0 view .LVU83
 281 0186 0E94     		str	r4, [sp, #56]
  99:Src/gpio.c    ****   HAL_GPIO_Init(GPIOI, &GPIO_InitStruct);
 282              		.loc 1 99 3 is_stmt 1 view .LVU84
 283 0188 0BA9     		add	r1, sp, #44
 284 018a 3046     		mov	r0, r6
 285 018c FFF7FEFF 		bl	HAL_GPIO_Init
 286              	.LVL7:
 100:Src/gpio.c    **** 
 101:Src/gpio.c    ****   /*Configure GPIO pins : PK5 PK4 PK6 PK3
 102:Src/gpio.c    ****                            PK7 PK2 */
 103:Src/gpio.c    ****   GPIO_InitStruct.Pin = GPIO_PIN_5|GPIO_PIN_4|GPIO_PIN_6|GPIO_PIN_3
 287              		.loc 1 103 3 view .LVU85
 288              		.loc 1 103 23 is_stmt 0 view .LVU86
 289 0190 FC23     		movs	r3, #252
 290 0192 0B93     		str	r3, [sp, #44]
 104:Src/gpio.c    ****                           |GPIO_PIN_7|GPIO_PIN_2;
 105:Src/gpio.c    ****   GPIO_InitStruct.Mode = GPIO_MODE_OUTPUT_PP;
 291              		.loc 1 105 3 is_stmt 1 view .LVU87
 292              		.loc 1 105 24 is_stmt 0 view .LVU88
 293 0194 0C95     		str	r5, [sp, #48]
 106:Src/gpio.c    ****   GPIO_InitStruct.Pull = GPIO_NOPULL;
 294              		.loc 1 106 3 is_stmt 1 view .LVU89
ARM GAS  /tmp/ccE0Nq9Y.s 			page 8


 295              		.loc 1 106 24 is_stmt 0 view .LVU90
 296 0196 0D94     		str	r4, [sp, #52]
 107:Src/gpio.c    ****   GPIO_InitStruct.Speed = GPIO_SPEED_FREQ_LOW;
 297              		.loc 1 107 3 is_stmt 1 view .LVU91
 298              		.loc 1 107 25 is_stmt 0 view .LVU92
 299 0198 0E94     		str	r4, [sp, #56]
 108:Src/gpio.c    ****   HAL_GPIO_Init(GPIOK, &GPIO_InitStruct);
 300              		.loc 1 108 3 is_stmt 1 view .LVU93
 301 019a 0BA9     		add	r1, sp, #44
 302 019c 5846     		mov	r0, fp
 303 019e FFF7FEFF 		bl	HAL_GPIO_Init
 304              	.LVL8:
 109:Src/gpio.c    **** 
 110:Src/gpio.c    ****   /*Configure GPIO pin : PJ15 */
 111:Src/gpio.c    ****   GPIO_InitStruct.Pin = GPIO_PIN_15;
 305              		.loc 1 111 3 view .LVU94
 306              		.loc 1 111 23 is_stmt 0 view .LVU95
 307 01a2 4FF4004B 		mov	fp, #32768
 308 01a6 CDF82CB0 		str	fp, [sp, #44]
 112:Src/gpio.c    ****   GPIO_InitStruct.Mode = GPIO_MODE_IT_RISING;
 309              		.loc 1 112 3 is_stmt 1 view .LVU96
 310              		.loc 1 112 24 is_stmt 0 view .LVU97
 311 01aa 4FF48818 		mov	r8, #1114112
 312 01ae CDF83080 		str	r8, [sp, #48]
 113:Src/gpio.c    ****   GPIO_InitStruct.Pull = GPIO_NOPULL;
 313              		.loc 1 113 3 is_stmt 1 view .LVU98
 314              		.loc 1 113 24 is_stmt 0 view .LVU99
 315 01b2 0D94     		str	r4, [sp, #52]
 114:Src/gpio.c    ****   HAL_GPIO_Init(GPIOJ, &GPIO_InitStruct);
 316              		.loc 1 114 3 is_stmt 1 view .LVU100
 317 01b4 0BA9     		add	r1, sp, #44
 318 01b6 3846     		mov	r0, r7
 319 01b8 FFF7FEFF 		bl	HAL_GPIO_Init
 320              	.LVL9:
 115:Src/gpio.c    **** 
 116:Src/gpio.c    ****   /*Configure GPIO pins : PD3 PD11 */
 117:Src/gpio.c    ****   GPIO_InitStruct.Pin = GPIO_PIN_3|GPIO_PIN_11;
 321              		.loc 1 117 3 view .LVU101
 322              		.loc 1 117 23 is_stmt 0 view .LVU102
 323 01bc 40F60803 		movw	r3, #2056
 324 01c0 0B93     		str	r3, [sp, #44]
 118:Src/gpio.c    ****   GPIO_InitStruct.Mode = GPIO_MODE_OUTPUT_PP;
 325              		.loc 1 118 3 is_stmt 1 view .LVU103
 326              		.loc 1 118 24 is_stmt 0 view .LVU104
 327 01c2 0C95     		str	r5, [sp, #48]
 119:Src/gpio.c    ****   GPIO_InitStruct.Pull = GPIO_NOPULL;
 328              		.loc 1 119 3 is_stmt 1 view .LVU105
 329              		.loc 1 119 24 is_stmt 0 view .LVU106
 330 01c4 0D94     		str	r4, [sp, #52]
 120:Src/gpio.c    ****   GPIO_InitStruct.Speed = GPIO_SPEED_FREQ_LOW;
 331              		.loc 1 120 3 is_stmt 1 view .LVU107
 332              		.loc 1 120 25 is_stmt 0 view .LVU108
 333 01c6 0E94     		str	r4, [sp, #56]
 121:Src/gpio.c    ****   HAL_GPIO_Init(GPIOD, &GPIO_InitStruct);
 334              		.loc 1 121 3 is_stmt 1 view .LVU109
 335 01c8 0BA9     		add	r1, sp, #44
 336 01ca 5046     		mov	r0, r10
ARM GAS  /tmp/ccE0Nq9Y.s 			page 9


 337 01cc FFF7FEFF 		bl	HAL_GPIO_Init
 338              	.LVL10:
 122:Src/gpio.c    **** 
 123:Src/gpio.c    ****   /*Configure GPIO pin : PH15 */
 124:Src/gpio.c    ****   GPIO_InitStruct.Pin = GPIO_PIN_15;
 339              		.loc 1 124 3 view .LVU110
 340              		.loc 1 124 23 is_stmt 0 view .LVU111
 341 01d0 CDF82CB0 		str	fp, [sp, #44]
 125:Src/gpio.c    ****   GPIO_InitStruct.Mode = GPIO_MODE_OUTPUT_PP;
 342              		.loc 1 125 3 is_stmt 1 view .LVU112
 343              		.loc 1 125 24 is_stmt 0 view .LVU113
 344 01d4 0C95     		str	r5, [sp, #48]
 126:Src/gpio.c    ****   GPIO_InitStruct.Pull = GPIO_NOPULL;
 345              		.loc 1 126 3 is_stmt 1 view .LVU114
 346              		.loc 1 126 24 is_stmt 0 view .LVU115
 347 01d6 0D94     		str	r4, [sp, #52]
 127:Src/gpio.c    ****   GPIO_InitStruct.Speed = GPIO_SPEED_FREQ_LOW;
 348              		.loc 1 127 3 is_stmt 1 view .LVU116
 349              		.loc 1 127 25 is_stmt 0 view .LVU117
 350 01d8 0E94     		str	r4, [sp, #56]
 128:Src/gpio.c    ****   HAL_GPIO_Init(GPIOH, &GPIO_InitStruct);
 351              		.loc 1 128 3 is_stmt 1 view .LVU118
 352 01da 0BA9     		add	r1, sp, #44
 353 01dc 4846     		mov	r0, r9
 354 01de FFF7FEFF 		bl	HAL_GPIO_Init
 355              	.LVL11:
 129:Src/gpio.c    **** 
 130:Src/gpio.c    ****   /*Configure GPIO pin : PE2 */
 131:Src/gpio.c    ****   GPIO_InitStruct.Pin = GPIO_PIN_2;
 356              		.loc 1 131 3 view .LVU119
 357              		.loc 1 131 23 is_stmt 0 view .LVU120
 358 01e2 0423     		movs	r3, #4
 359 01e4 0B93     		str	r3, [sp, #44]
 132:Src/gpio.c    ****   GPIO_InitStruct.Mode = GPIO_MODE_OUTPUT_PP;
 360              		.loc 1 132 3 is_stmt 1 view .LVU121
 361              		.loc 1 132 24 is_stmt 0 view .LVU122
 362 01e6 0C95     		str	r5, [sp, #48]
 133:Src/gpio.c    ****   GPIO_InitStruct.Pull = GPIO_NOPULL;
 363              		.loc 1 133 3 is_stmt 1 view .LVU123
 364              		.loc 1 133 24 is_stmt 0 view .LVU124
 365 01e8 0D94     		str	r4, [sp, #52]
 134:Src/gpio.c    ****   GPIO_InitStruct.Speed = GPIO_SPEED_FREQ_LOW;
 366              		.loc 1 134 3 is_stmt 1 view .LVU125
 367              		.loc 1 134 25 is_stmt 0 view .LVU126
 368 01ea 0E94     		str	r4, [sp, #56]
 135:Src/gpio.c    ****   HAL_GPIO_Init(GPIOE, &GPIO_InitStruct);
 369              		.loc 1 135 3 is_stmt 1 view .LVU127
 370 01ec 0BA9     		add	r1, sp, #44
 371 01ee 1E48     		ldr	r0, .L3+8
 372 01f0 FFF7FEFF 		bl	HAL_GPIO_Init
 373              	.LVL12:
 136:Src/gpio.c    **** 
 137:Src/gpio.c    ****   /*Configure GPIO pins : PJ14 PJPin PJPin PJPin
 138:Src/gpio.c    ****                            PJPin PJPin PJPin PJPin
 139:Src/gpio.c    ****                            PJPin PJPin PJPin */
 140:Src/gpio.c    ****   GPIO_InitStruct.Pin = GPIO_PIN_14|BTN1_Pin|BTN2_Pin|SEGA_Pin
 374              		.loc 1 140 3 view .LVU128
ARM GAS  /tmp/ccE0Nq9Y.s 			page 10


 375              		.loc 1 140 23 is_stmt 0 view .LVU129
 376 01f4 47F2FF03 		movw	r3, #28927
 377 01f8 0B93     		str	r3, [sp, #44]
 141:Src/gpio.c    ****                           |SEGDP_Pin|SEGG_Pin|SEGB_Pin|SEGF_Pin
 142:Src/gpio.c    ****                           |SEGC_Pin|SEGD_Pin|SEGE_Pin;
 143:Src/gpio.c    ****   GPIO_InitStruct.Mode = GPIO_MODE_OUTPUT_PP;
 378              		.loc 1 143 3 is_stmt 1 view .LVU130
 379              		.loc 1 143 24 is_stmt 0 view .LVU131
 380 01fa 0C95     		str	r5, [sp, #48]
 144:Src/gpio.c    ****   GPIO_InitStruct.Pull = GPIO_NOPULL;
 381              		.loc 1 144 3 is_stmt 1 view .LVU132
 382              		.loc 1 144 24 is_stmt 0 view .LVU133
 383 01fc 0D94     		str	r4, [sp, #52]
 145:Src/gpio.c    ****   GPIO_InitStruct.Speed = GPIO_SPEED_FREQ_LOW;
 384              		.loc 1 145 3 is_stmt 1 view .LVU134
 385              		.loc 1 145 25 is_stmt 0 view .LVU135
 386 01fe 0E94     		str	r4, [sp, #56]
 146:Src/gpio.c    ****   HAL_GPIO_Init(GPIOJ, &GPIO_InitStruct);
 387              		.loc 1 146 3 is_stmt 1 view .LVU136
 388 0200 0BA9     		add	r1, sp, #44
 389 0202 3846     		mov	r0, r7
 390 0204 FFF7FEFF 		bl	HAL_GPIO_Init
 391              	.LVL13:
 147:Src/gpio.c    **** 
 148:Src/gpio.c    ****   /*Configure GPIO pins : PA10 PA12 PA11 */
 149:Src/gpio.c    ****   GPIO_InitStruct.Pin = GPIO_PIN_10|GPIO_PIN_12|GPIO_PIN_11;
 392              		.loc 1 149 3 view .LVU137
 393              		.loc 1 149 23 is_stmt 0 view .LVU138
 394 0208 4FF4E053 		mov	r3, #7168
 395 020c 0B93     		str	r3, [sp, #44]
 150:Src/gpio.c    ****   GPIO_InitStruct.Mode = GPIO_MODE_AF_PP;
 396              		.loc 1 150 3 is_stmt 1 view .LVU139
 397              		.loc 1 150 24 is_stmt 0 view .LVU140
 398 020e 0223     		movs	r3, #2
 399 0210 0C93     		str	r3, [sp, #48]
 151:Src/gpio.c    ****   GPIO_InitStruct.Pull = GPIO_NOPULL;
 400              		.loc 1 151 3 is_stmt 1 view .LVU141
 401              		.loc 1 151 24 is_stmt 0 view .LVU142
 402 0212 0D94     		str	r4, [sp, #52]
 152:Src/gpio.c    ****   GPIO_InitStruct.Speed = GPIO_SPEED_FREQ_LOW;
 403              		.loc 1 152 3 is_stmt 1 view .LVU143
 404              		.loc 1 152 25 is_stmt 0 view .LVU144
 405 0214 0E94     		str	r4, [sp, #56]
 153:Src/gpio.c    ****   GPIO_InitStruct.Alternate = GPIO_AF10_OTG1_FS;
 406              		.loc 1 153 3 is_stmt 1 view .LVU145
 407              		.loc 1 153 29 is_stmt 0 view .LVU146
 408 0216 0A23     		movs	r3, #10
 409 0218 0F93     		str	r3, [sp, #60]
 154:Src/gpio.c    ****   HAL_GPIO_Init(GPIOA, &GPIO_InitStruct);
 410              		.loc 1 154 3 is_stmt 1 view .LVU147
 411 021a 0BA9     		add	r1, sp, #44
 412 021c 1548     		ldr	r0, .L3+20
 413 021e FFF7FEFF 		bl	HAL_GPIO_Init
 414              	.LVL14:
 155:Src/gpio.c    **** 
 156:Src/gpio.c    ****   /*Configure GPIO pin : PtPin */
 157:Src/gpio.c    ****   GPIO_InitStruct.Pin = CDET_Pin;
ARM GAS  /tmp/ccE0Nq9Y.s 			page 11


 415              		.loc 1 157 3 view .LVU148
 416              		.loc 1 157 23 is_stmt 0 view .LVU149
 417 0222 4FF40053 		mov	r3, #8192
 418 0226 0B93     		str	r3, [sp, #44]
 158:Src/gpio.c    ****   GPIO_InitStruct.Mode = GPIO_MODE_INPUT;
 419              		.loc 1 158 3 is_stmt 1 view .LVU150
 420              		.loc 1 158 24 is_stmt 0 view .LVU151
 421 0228 0C94     		str	r4, [sp, #48]
 159:Src/gpio.c    ****   GPIO_InitStruct.Pull = GPIO_PULLUP;
 422              		.loc 1 159 3 is_stmt 1 view .LVU152
 423              		.loc 1 159 24 is_stmt 0 view .LVU153
 424 022a 0D95     		str	r5, [sp, #52]
 160:Src/gpio.c    ****   HAL_GPIO_Init(CDET_GPIO_Port, &GPIO_InitStruct);
 425              		.loc 1 160 3 is_stmt 1 view .LVU154
 426 022c 0BA9     		add	r1, sp, #44
 427 022e 1248     		ldr	r0, .L3+24
 428 0230 FFF7FEFF 		bl	HAL_GPIO_Init
 429              	.LVL15:
 161:Src/gpio.c    **** 
 162:Src/gpio.c    ****   /*Configure GPIO pin : PI11 */
 163:Src/gpio.c    ****   GPIO_InitStruct.Pin = GPIO_PIN_11;
 430              		.loc 1 163 3 view .LVU155
 431              		.loc 1 163 23 is_stmt 0 view .LVU156
 432 0234 4FF40063 		mov	r3, #2048
 433 0238 0B93     		str	r3, [sp, #44]
 164:Src/gpio.c    ****   GPIO_InitStruct.Mode = GPIO_MODE_IT_RISING;
 434              		.loc 1 164 3 is_stmt 1 view .LVU157
 435              		.loc 1 164 24 is_stmt 0 view .LVU158
 436 023a CDF83080 		str	r8, [sp, #48]
 165:Src/gpio.c    ****   GPIO_InitStruct.Pull = GPIO_NOPULL;
 437              		.loc 1 165 3 is_stmt 1 view .LVU159
 438              		.loc 1 165 24 is_stmt 0 view .LVU160
 439 023e 0D94     		str	r4, [sp, #52]
 166:Src/gpio.c    ****   HAL_GPIO_Init(GPIOI, &GPIO_InitStruct);
 440              		.loc 1 166 3 is_stmt 1 view .LVU161
 441 0240 0BA9     		add	r1, sp, #44
 442 0242 3046     		mov	r0, r6
 443 0244 FFF7FEFF 		bl	HAL_GPIO_Init
 444              	.LVL16:
 167:Src/gpio.c    **** 
 168:Src/gpio.c    ****   /*Configure GPIO pin : PG3 */
 169:Src/gpio.c    ****   GPIO_InitStruct.Pin = GPIO_PIN_3;
 445              		.loc 1 169 3 view .LVU162
 446              		.loc 1 169 23 is_stmt 0 view .LVU163
 447 0248 0823     		movs	r3, #8
 448 024a 0B93     		str	r3, [sp, #44]
 170:Src/gpio.c    ****   GPIO_InitStruct.Mode = GPIO_MODE_OUTPUT_PP;
 449              		.loc 1 170 3 is_stmt 1 view .LVU164
 450              		.loc 1 170 24 is_stmt 0 view .LVU165
 451 024c 0C95     		str	r5, [sp, #48]
 171:Src/gpio.c    ****   GPIO_InitStruct.Pull = GPIO_NOPULL;
 452              		.loc 1 171 3 is_stmt 1 view .LVU166
 453              		.loc 1 171 24 is_stmt 0 view .LVU167
 454 024e 0D94     		str	r4, [sp, #52]
 172:Src/gpio.c    ****   GPIO_InitStruct.Speed = GPIO_SPEED_FREQ_LOW;
 455              		.loc 1 172 3 is_stmt 1 view .LVU168
 456              		.loc 1 172 25 is_stmt 0 view .LVU169
ARM GAS  /tmp/ccE0Nq9Y.s 			page 12


 457 0250 0E94     		str	r4, [sp, #56]
 173:Src/gpio.c    ****   HAL_GPIO_Init(GPIOG, &GPIO_InitStruct);
 458              		.loc 1 173 3 is_stmt 1 view .LVU170
 459 0252 0BA9     		add	r1, sp, #44
 460 0254 0648     		ldr	r0, .L3+16
 461 0256 FFF7FEFF 		bl	HAL_GPIO_Init
 462              	.LVL17:
 174:Src/gpio.c    **** 
 175:Src/gpio.c    **** }
 463              		.loc 1 175 1 is_stmt 0 view .LVU171
 464 025a 11B0     		add	sp, sp, #68
 465              	.LCFI2:
 466              		.cfi_def_cfa_offset 36
 467              		@ sp needed
 468 025c BDE8F08F 		pop	{r4, r5, r6, r7, r8, r9, r10, fp, pc}
 469              	.L4:
 470              		.align	2
 471              	.L3:
 472 0260 00440258 		.word	1476543488
 473 0264 00200258 		.word	1476534272
 474 0268 00100258 		.word	1476530176
 475 026c 00240258 		.word	1476535296
 476 0270 00180258 		.word	1476532224
 477 0274 00000258 		.word	1476526080
 478 0278 00080258 		.word	1476528128
 479 027c 00280258 		.word	1476536320
 480 0280 000C0258 		.word	1476529152
 481 0284 001C0258 		.word	1476533248
 482              		.cfi_endproc
 483              	.LFE335:
 485              		.text
 486              	.Letext0:
 487              		.file 2 "/home/julius/University/JKU/NetworkedES/arm/arm-none-eabi/include/machine/_default_types.
 488              		.file 3 "/home/julius/University/JKU/NetworkedES/arm/arm-none-eabi/include/sys/_stdint.h"
 489              		.file 4 "Drivers/CMSIS/Device/ST/STM32H7xx/Include/stm32h743xx.h"
 490              		.file 5 "Drivers/STM32H7xx_HAL_Driver/Inc/stm32h7xx_hal_gpio.h"
ARM GAS  /tmp/ccE0Nq9Y.s 			page 13


DEFINED SYMBOLS
                            *ABS*:0000000000000000 gpio.c
     /tmp/ccE0Nq9Y.s:19     .text.MX_GPIO_Init:0000000000000000 $t
     /tmp/ccE0Nq9Y.s:25     .text.MX_GPIO_Init:0000000000000000 MX_GPIO_Init
     /tmp/ccE0Nq9Y.s:472    .text.MX_GPIO_Init:0000000000000260 $d

UNDEFINED SYMBOLS
HAL_GPIO_WritePin
HAL_GPIO_Init
