ARM GAS  /tmp/cch0739J.s 			page 1


   1              		.cpu cortex-m7
   2              		.arch armv7e-m
   3              		.fpu fpv5-d16
   4              		.eabi_attribute 28, 1
   5              		.eabi_attribute 20, 1
   6              		.eabi_attribute 21, 1
   7              		.eabi_attribute 23, 3
   8              		.eabi_attribute 24, 1
   9              		.eabi_attribute 25, 1
  10              		.eabi_attribute 26, 1
  11              		.eabi_attribute 30, 1
  12              		.eabi_attribute 34, 1
  13              		.eabi_attribute 18, 4
  14              		.file	"i2c.c"
  15              		.text
  16              	.Ltext0:
  17              		.cfi_sections	.debug_frame
  18              		.section	.text.MX_I2C2_Init,"ax",%progbits
  19              		.align	1
  20              		.global	MX_I2C2_Init
  21              		.syntax unified
  22              		.thumb
  23              		.thumb_func
  25              	MX_I2C2_Init:
  26              	.LFB335:
  27              		.file 1 "Src/i2c.c"
   1:Src/i2c.c     **** /* USER CODE BEGIN Header */
   2:Src/i2c.c     **** /**
   3:Src/i2c.c     ****   ******************************************************************************
   4:Src/i2c.c     ****   * @file    i2c.c
   5:Src/i2c.c     ****   * @brief   This file provides code for the configuration
   6:Src/i2c.c     ****   *          of the I2C instances.
   7:Src/i2c.c     ****   ******************************************************************************
   8:Src/i2c.c     ****   * @attention
   9:Src/i2c.c     ****   *
  10:Src/i2c.c     ****   * Copyright (c) 2024 STMicroelectronics.
  11:Src/i2c.c     ****   * All rights reserved.
  12:Src/i2c.c     ****   *
  13:Src/i2c.c     ****   * This software is licensed under terms that can be found in the LICENSE file
  14:Src/i2c.c     ****   * in the root directory of this software component.
  15:Src/i2c.c     ****   * If no LICENSE file comes with this software, it is provided AS-IS.
  16:Src/i2c.c     ****   *
  17:Src/i2c.c     ****   ******************************************************************************
  18:Src/i2c.c     ****   */
  19:Src/i2c.c     **** /* USER CODE END Header */
  20:Src/i2c.c     **** /* Includes ------------------------------------------------------------------*/
  21:Src/i2c.c     **** #include "i2c.h"
  22:Src/i2c.c     **** 
  23:Src/i2c.c     **** /* USER CODE BEGIN 0 */
  24:Src/i2c.c     **** 
  25:Src/i2c.c     **** /* USER CODE END 0 */
  26:Src/i2c.c     **** 
  27:Src/i2c.c     **** I2C_HandleTypeDef hi2c2;
  28:Src/i2c.c     **** I2C_HandleTypeDef hi2c3;
  29:Src/i2c.c     **** I2C_HandleTypeDef hi2c4;
  30:Src/i2c.c     **** 
  31:Src/i2c.c     **** /* I2C2 init function */
ARM GAS  /tmp/cch0739J.s 			page 2


  32:Src/i2c.c     **** void MX_I2C2_Init(void)
  33:Src/i2c.c     **** {
  28              		.loc 1 33 1 view -0
  29              		.cfi_startproc
  30              		@ args = 0, pretend = 0, frame = 0
  31              		@ frame_needed = 0, uses_anonymous_args = 0
  32 0000 08B5     		push	{r3, lr}
  33              	.LCFI0:
  34              		.cfi_def_cfa_offset 8
  35              		.cfi_offset 3, -8
  36              		.cfi_offset 14, -4
  34:Src/i2c.c     **** 
  35:Src/i2c.c     ****   /* USER CODE BEGIN I2C2_Init 0 */
  36:Src/i2c.c     **** 
  37:Src/i2c.c     ****   /* USER CODE END I2C2_Init 0 */
  38:Src/i2c.c     **** 
  39:Src/i2c.c     ****   /* USER CODE BEGIN I2C2_Init 1 */
  40:Src/i2c.c     **** 
  41:Src/i2c.c     ****   /* USER CODE END I2C2_Init 1 */
  42:Src/i2c.c     ****   hi2c2.Instance = I2C2;
  37              		.loc 1 42 3 view .LVU1
  38              		.loc 1 42 18 is_stmt 0 view .LVU2
  39 0002 1248     		ldr	r0, .L9
  40 0004 124B     		ldr	r3, .L9+4
  41 0006 0360     		str	r3, [r0]
  43:Src/i2c.c     ****   hi2c2.Init.Timing = 0x00909FCE;
  42              		.loc 1 43 3 is_stmt 1 view .LVU3
  43              		.loc 1 43 21 is_stmt 0 view .LVU4
  44 0008 124B     		ldr	r3, .L9+8
  45 000a 4360     		str	r3, [r0, #4]
  44:Src/i2c.c     ****   hi2c2.Init.OwnAddress1 = 0;
  46              		.loc 1 44 3 is_stmt 1 view .LVU5
  47              		.loc 1 44 26 is_stmt 0 view .LVU6
  48 000c 0023     		movs	r3, #0
  49 000e 8360     		str	r3, [r0, #8]
  45:Src/i2c.c     ****   hi2c2.Init.AddressingMode = I2C_ADDRESSINGMODE_7BIT;
  50              		.loc 1 45 3 is_stmt 1 view .LVU7
  51              		.loc 1 45 29 is_stmt 0 view .LVU8
  52 0010 0122     		movs	r2, #1
  53 0012 C260     		str	r2, [r0, #12]
  46:Src/i2c.c     ****   hi2c2.Init.DualAddressMode = I2C_DUALADDRESS_DISABLE;
  54              		.loc 1 46 3 is_stmt 1 view .LVU9
  55              		.loc 1 46 30 is_stmt 0 view .LVU10
  56 0014 0361     		str	r3, [r0, #16]
  47:Src/i2c.c     ****   hi2c2.Init.OwnAddress2 = 0;
  57              		.loc 1 47 3 is_stmt 1 view .LVU11
  58              		.loc 1 47 26 is_stmt 0 view .LVU12
  59 0016 4361     		str	r3, [r0, #20]
  48:Src/i2c.c     ****   hi2c2.Init.OwnAddress2Masks = I2C_OA2_NOMASK;
  60              		.loc 1 48 3 is_stmt 1 view .LVU13
  61              		.loc 1 48 31 is_stmt 0 view .LVU14
  62 0018 8361     		str	r3, [r0, #24]
  49:Src/i2c.c     ****   hi2c2.Init.GeneralCallMode = I2C_GENERALCALL_DISABLE;
  63              		.loc 1 49 3 is_stmt 1 view .LVU15
  64              		.loc 1 49 30 is_stmt 0 view .LVU16
  65 001a C361     		str	r3, [r0, #28]
  50:Src/i2c.c     ****   hi2c2.Init.NoStretchMode = I2C_NOSTRETCH_DISABLE;
ARM GAS  /tmp/cch0739J.s 			page 3


  66              		.loc 1 50 3 is_stmt 1 view .LVU17
  67              		.loc 1 50 28 is_stmt 0 view .LVU18
  68 001c 0362     		str	r3, [r0, #32]
  51:Src/i2c.c     ****   if (HAL_I2C_Init(&hi2c2) != HAL_OK)
  69              		.loc 1 51 3 is_stmt 1 view .LVU19
  70              		.loc 1 51 7 is_stmt 0 view .LVU20
  71 001e FFF7FEFF 		bl	HAL_I2C_Init
  72              	.LVL0:
  73              		.loc 1 51 6 view .LVU21
  74 0022 50B9     		cbnz	r0, .L6
  75              	.L2:
  52:Src/i2c.c     ****   {
  53:Src/i2c.c     ****     Error_Handler();
  54:Src/i2c.c     ****   }
  55:Src/i2c.c     **** 
  56:Src/i2c.c     ****   /** Configure Analogue filter
  57:Src/i2c.c     ****   */
  58:Src/i2c.c     ****   if (HAL_I2CEx_ConfigAnalogFilter(&hi2c2, I2C_ANALOGFILTER_ENABLE) != HAL_OK)
  76              		.loc 1 58 3 is_stmt 1 view .LVU22
  77              		.loc 1 58 7 is_stmt 0 view .LVU23
  78 0024 0021     		movs	r1, #0
  79 0026 0948     		ldr	r0, .L9
  80 0028 FFF7FEFF 		bl	HAL_I2CEx_ConfigAnalogFilter
  81              	.LVL1:
  82              		.loc 1 58 6 view .LVU24
  83 002c 40B9     		cbnz	r0, .L7
  84              	.L3:
  59:Src/i2c.c     ****   {
  60:Src/i2c.c     ****     Error_Handler();
  61:Src/i2c.c     ****   }
  62:Src/i2c.c     **** 
  63:Src/i2c.c     ****   /** Configure Digital filter
  64:Src/i2c.c     ****   */
  65:Src/i2c.c     ****   if (HAL_I2CEx_ConfigDigitalFilter(&hi2c2, 0) != HAL_OK)
  85              		.loc 1 65 3 is_stmt 1 view .LVU25
  86              		.loc 1 65 7 is_stmt 0 view .LVU26
  87 002e 0021     		movs	r1, #0
  88 0030 0648     		ldr	r0, .L9
  89 0032 FFF7FEFF 		bl	HAL_I2CEx_ConfigDigitalFilter
  90              	.LVL2:
  91              		.loc 1 65 6 view .LVU27
  92 0036 30B9     		cbnz	r0, .L8
  93              	.L1:
  66:Src/i2c.c     ****   {
  67:Src/i2c.c     ****     Error_Handler();
  68:Src/i2c.c     ****   }
  69:Src/i2c.c     ****   /* USER CODE BEGIN I2C2_Init 2 */
  70:Src/i2c.c     **** 
  71:Src/i2c.c     ****   /* USER CODE END I2C2_Init 2 */
  72:Src/i2c.c     **** 
  73:Src/i2c.c     **** }
  94              		.loc 1 73 1 view .LVU28
  95 0038 08BD     		pop	{r3, pc}
  96              	.L6:
  53:Src/i2c.c     ****   }
  97              		.loc 1 53 5 is_stmt 1 view .LVU29
  98 003a FFF7FEFF 		bl	Error_Handler
ARM GAS  /tmp/cch0739J.s 			page 4


  99              	.LVL3:
 100 003e F1E7     		b	.L2
 101              	.L7:
  60:Src/i2c.c     ****   }
 102              		.loc 1 60 5 view .LVU30
 103 0040 FFF7FEFF 		bl	Error_Handler
 104              	.LVL4:
 105 0044 F3E7     		b	.L3
 106              	.L8:
  67:Src/i2c.c     ****   }
 107              		.loc 1 67 5 view .LVU31
 108 0046 FFF7FEFF 		bl	Error_Handler
 109              	.LVL5:
 110              		.loc 1 73 1 is_stmt 0 view .LVU32
 111 004a F5E7     		b	.L1
 112              	.L10:
 113              		.align	2
 114              	.L9:
 115 004c 00000000 		.word	.LANCHOR0
 116 0050 00580040 		.word	1073764352
 117 0054 CE9F9000 		.word	9478094
 118              		.cfi_endproc
 119              	.LFE335:
 121              		.section	.text.MX_I2C3_Init,"ax",%progbits
 122              		.align	1
 123              		.global	MX_I2C3_Init
 124              		.syntax unified
 125              		.thumb
 126              		.thumb_func
 128              	MX_I2C3_Init:
 129              	.LFB336:
  74:Src/i2c.c     **** /* I2C3 init function */
  75:Src/i2c.c     **** void MX_I2C3_Init(void)
  76:Src/i2c.c     **** {
 130              		.loc 1 76 1 is_stmt 1 view -0
 131              		.cfi_startproc
 132              		@ args = 0, pretend = 0, frame = 0
 133              		@ frame_needed = 0, uses_anonymous_args = 0
 134 0000 08B5     		push	{r3, lr}
 135              	.LCFI1:
 136              		.cfi_def_cfa_offset 8
 137              		.cfi_offset 3, -8
 138              		.cfi_offset 14, -4
  77:Src/i2c.c     **** 
  78:Src/i2c.c     ****   /* USER CODE BEGIN I2C3_Init 0 */
  79:Src/i2c.c     **** 
  80:Src/i2c.c     ****   /* USER CODE END I2C3_Init 0 */
  81:Src/i2c.c     **** 
  82:Src/i2c.c     ****   /* USER CODE BEGIN I2C3_Init 1 */
  83:Src/i2c.c     **** 
  84:Src/i2c.c     ****   /* USER CODE END I2C3_Init 1 */
  85:Src/i2c.c     ****   hi2c3.Instance = I2C3;
 139              		.loc 1 85 3 view .LVU34
 140              		.loc 1 85 18 is_stmt 0 view .LVU35
 141 0002 1248     		ldr	r0, .L19
 142 0004 124B     		ldr	r3, .L19+4
 143 0006 0360     		str	r3, [r0]
ARM GAS  /tmp/cch0739J.s 			page 5


  86:Src/i2c.c     ****   hi2c3.Init.Timing = 0x00909FCE;
 144              		.loc 1 86 3 is_stmt 1 view .LVU36
 145              		.loc 1 86 21 is_stmt 0 view .LVU37
 146 0008 124B     		ldr	r3, .L19+8
 147 000a 4360     		str	r3, [r0, #4]
  87:Src/i2c.c     ****   hi2c3.Init.OwnAddress1 = 0;
 148              		.loc 1 87 3 is_stmt 1 view .LVU38
 149              		.loc 1 87 26 is_stmt 0 view .LVU39
 150 000c 0023     		movs	r3, #0
 151 000e 8360     		str	r3, [r0, #8]
  88:Src/i2c.c     ****   hi2c3.Init.AddressingMode = I2C_ADDRESSINGMODE_7BIT;
 152              		.loc 1 88 3 is_stmt 1 view .LVU40
 153              		.loc 1 88 29 is_stmt 0 view .LVU41
 154 0010 0122     		movs	r2, #1
 155 0012 C260     		str	r2, [r0, #12]
  89:Src/i2c.c     ****   hi2c3.Init.DualAddressMode = I2C_DUALADDRESS_DISABLE;
 156              		.loc 1 89 3 is_stmt 1 view .LVU42
 157              		.loc 1 89 30 is_stmt 0 view .LVU43
 158 0014 0361     		str	r3, [r0, #16]
  90:Src/i2c.c     ****   hi2c3.Init.OwnAddress2 = 0;
 159              		.loc 1 90 3 is_stmt 1 view .LVU44
 160              		.loc 1 90 26 is_stmt 0 view .LVU45
 161 0016 4361     		str	r3, [r0, #20]
  91:Src/i2c.c     ****   hi2c3.Init.OwnAddress2Masks = I2C_OA2_NOMASK;
 162              		.loc 1 91 3 is_stmt 1 view .LVU46
 163              		.loc 1 91 31 is_stmt 0 view .LVU47
 164 0018 8361     		str	r3, [r0, #24]
  92:Src/i2c.c     ****   hi2c3.Init.GeneralCallMode = I2C_GENERALCALL_DISABLE;
 165              		.loc 1 92 3 is_stmt 1 view .LVU48
 166              		.loc 1 92 30 is_stmt 0 view .LVU49
 167 001a C361     		str	r3, [r0, #28]
  93:Src/i2c.c     ****   hi2c3.Init.NoStretchMode = I2C_NOSTRETCH_DISABLE;
 168              		.loc 1 93 3 is_stmt 1 view .LVU50
 169              		.loc 1 93 28 is_stmt 0 view .LVU51
 170 001c 0362     		str	r3, [r0, #32]
  94:Src/i2c.c     ****   if (HAL_I2C_Init(&hi2c3) != HAL_OK)
 171              		.loc 1 94 3 is_stmt 1 view .LVU52
 172              		.loc 1 94 7 is_stmt 0 view .LVU53
 173 001e FFF7FEFF 		bl	HAL_I2C_Init
 174              	.LVL6:
 175              		.loc 1 94 6 view .LVU54
 176 0022 50B9     		cbnz	r0, .L16
 177              	.L12:
  95:Src/i2c.c     ****   {
  96:Src/i2c.c     ****     Error_Handler();
  97:Src/i2c.c     ****   }
  98:Src/i2c.c     **** 
  99:Src/i2c.c     ****   /** Configure Analogue filter
 100:Src/i2c.c     ****   */
 101:Src/i2c.c     ****   if (HAL_I2CEx_ConfigAnalogFilter(&hi2c3, I2C_ANALOGFILTER_ENABLE) != HAL_OK)
 178              		.loc 1 101 3 is_stmt 1 view .LVU55
 179              		.loc 1 101 7 is_stmt 0 view .LVU56
 180 0024 0021     		movs	r1, #0
 181 0026 0948     		ldr	r0, .L19
 182 0028 FFF7FEFF 		bl	HAL_I2CEx_ConfigAnalogFilter
 183              	.LVL7:
 184              		.loc 1 101 6 view .LVU57
ARM GAS  /tmp/cch0739J.s 			page 6


 185 002c 40B9     		cbnz	r0, .L17
 186              	.L13:
 102:Src/i2c.c     ****   {
 103:Src/i2c.c     ****     Error_Handler();
 104:Src/i2c.c     ****   }
 105:Src/i2c.c     **** 
 106:Src/i2c.c     ****   /** Configure Digital filter
 107:Src/i2c.c     ****   */
 108:Src/i2c.c     ****   if (HAL_I2CEx_ConfigDigitalFilter(&hi2c3, 0) != HAL_OK)
 187              		.loc 1 108 3 is_stmt 1 view .LVU58
 188              		.loc 1 108 7 is_stmt 0 view .LVU59
 189 002e 0021     		movs	r1, #0
 190 0030 0648     		ldr	r0, .L19
 191 0032 FFF7FEFF 		bl	HAL_I2CEx_ConfigDigitalFilter
 192              	.LVL8:
 193              		.loc 1 108 6 view .LVU60
 194 0036 30B9     		cbnz	r0, .L18
 195              	.L11:
 109:Src/i2c.c     ****   {
 110:Src/i2c.c     ****     Error_Handler();
 111:Src/i2c.c     ****   }
 112:Src/i2c.c     ****   /* USER CODE BEGIN I2C3_Init 2 */
 113:Src/i2c.c     **** 
 114:Src/i2c.c     ****   /* USER CODE END I2C3_Init 2 */
 115:Src/i2c.c     **** 
 116:Src/i2c.c     **** }
 196              		.loc 1 116 1 view .LVU61
 197 0038 08BD     		pop	{r3, pc}
 198              	.L16:
  96:Src/i2c.c     ****   }
 199              		.loc 1 96 5 is_stmt 1 view .LVU62
 200 003a FFF7FEFF 		bl	Error_Handler
 201              	.LVL9:
 202 003e F1E7     		b	.L12
 203              	.L17:
 103:Src/i2c.c     ****   }
 204              		.loc 1 103 5 view .LVU63
 205 0040 FFF7FEFF 		bl	Error_Handler
 206              	.LVL10:
 207 0044 F3E7     		b	.L13
 208              	.L18:
 110:Src/i2c.c     ****   }
 209              		.loc 1 110 5 view .LVU64
 210 0046 FFF7FEFF 		bl	Error_Handler
 211              	.LVL11:
 212              		.loc 1 116 1 is_stmt 0 view .LVU65
 213 004a F5E7     		b	.L11
 214              	.L20:
 215              		.align	2
 216              	.L19:
 217 004c 00000000 		.word	.LANCHOR1
 218 0050 005C0040 		.word	1073765376
 219 0054 CE9F9000 		.word	9478094
 220              		.cfi_endproc
 221              	.LFE336:
 223              		.section	.text.MX_I2C4_Init,"ax",%progbits
 224              		.align	1
ARM GAS  /tmp/cch0739J.s 			page 7


 225              		.global	MX_I2C4_Init
 226              		.syntax unified
 227              		.thumb
 228              		.thumb_func
 230              	MX_I2C4_Init:
 231              	.LFB337:
 117:Src/i2c.c     **** /* I2C4 init function */
 118:Src/i2c.c     **** void MX_I2C4_Init(void)
 119:Src/i2c.c     **** {
 232              		.loc 1 119 1 is_stmt 1 view -0
 233              		.cfi_startproc
 234              		@ args = 0, pretend = 0, frame = 0
 235              		@ frame_needed = 0, uses_anonymous_args = 0
 236 0000 08B5     		push	{r3, lr}
 237              	.LCFI2:
 238              		.cfi_def_cfa_offset 8
 239              		.cfi_offset 3, -8
 240              		.cfi_offset 14, -4
 120:Src/i2c.c     **** 
 121:Src/i2c.c     ****   /* USER CODE BEGIN I2C4_Init 0 */
 122:Src/i2c.c     **** 
 123:Src/i2c.c     ****   /* USER CODE END I2C4_Init 0 */
 124:Src/i2c.c     **** 
 125:Src/i2c.c     ****   /* USER CODE BEGIN I2C4_Init 1 */
 126:Src/i2c.c     **** 
 127:Src/i2c.c     ****   /* USER CODE END I2C4_Init 1 */
 128:Src/i2c.c     ****   hi2c4.Instance = I2C4;
 241              		.loc 1 128 3 view .LVU67
 242              		.loc 1 128 18 is_stmt 0 view .LVU68
 243 0002 1248     		ldr	r0, .L29
 244 0004 124B     		ldr	r3, .L29+4
 245 0006 0360     		str	r3, [r0]
 129:Src/i2c.c     ****   hi2c4.Init.Timing = 0x00909FCE;
 246              		.loc 1 129 3 is_stmt 1 view .LVU69
 247              		.loc 1 129 21 is_stmt 0 view .LVU70
 248 0008 124B     		ldr	r3, .L29+8
 249 000a 4360     		str	r3, [r0, #4]
 130:Src/i2c.c     ****   hi2c4.Init.OwnAddress1 = 0;
 250              		.loc 1 130 3 is_stmt 1 view .LVU71
 251              		.loc 1 130 26 is_stmt 0 view .LVU72
 252 000c 0023     		movs	r3, #0
 253 000e 8360     		str	r3, [r0, #8]
 131:Src/i2c.c     ****   hi2c4.Init.AddressingMode = I2C_ADDRESSINGMODE_7BIT;
 254              		.loc 1 131 3 is_stmt 1 view .LVU73
 255              		.loc 1 131 29 is_stmt 0 view .LVU74
 256 0010 0122     		movs	r2, #1
 257 0012 C260     		str	r2, [r0, #12]
 132:Src/i2c.c     ****   hi2c4.Init.DualAddressMode = I2C_DUALADDRESS_DISABLE;
 258              		.loc 1 132 3 is_stmt 1 view .LVU75
 259              		.loc 1 132 30 is_stmt 0 view .LVU76
 260 0014 0361     		str	r3, [r0, #16]
 133:Src/i2c.c     ****   hi2c4.Init.OwnAddress2 = 0;
 261              		.loc 1 133 3 is_stmt 1 view .LVU77
 262              		.loc 1 133 26 is_stmt 0 view .LVU78
 263 0016 4361     		str	r3, [r0, #20]
 134:Src/i2c.c     ****   hi2c4.Init.OwnAddress2Masks = I2C_OA2_NOMASK;
 264              		.loc 1 134 3 is_stmt 1 view .LVU79
ARM GAS  /tmp/cch0739J.s 			page 8


 265              		.loc 1 134 31 is_stmt 0 view .LVU80
 266 0018 8361     		str	r3, [r0, #24]
 135:Src/i2c.c     ****   hi2c4.Init.GeneralCallMode = I2C_GENERALCALL_DISABLE;
 267              		.loc 1 135 3 is_stmt 1 view .LVU81
 268              		.loc 1 135 30 is_stmt 0 view .LVU82
 269 001a C361     		str	r3, [r0, #28]
 136:Src/i2c.c     ****   hi2c4.Init.NoStretchMode = I2C_NOSTRETCH_DISABLE;
 270              		.loc 1 136 3 is_stmt 1 view .LVU83
 271              		.loc 1 136 28 is_stmt 0 view .LVU84
 272 001c 0362     		str	r3, [r0, #32]
 137:Src/i2c.c     ****   if (HAL_I2C_Init(&hi2c4) != HAL_OK)
 273              		.loc 1 137 3 is_stmt 1 view .LVU85
 274              		.loc 1 137 7 is_stmt 0 view .LVU86
 275 001e FFF7FEFF 		bl	HAL_I2C_Init
 276              	.LVL12:
 277              		.loc 1 137 6 view .LVU87
 278 0022 50B9     		cbnz	r0, .L26
 279              	.L22:
 138:Src/i2c.c     ****   {
 139:Src/i2c.c     ****     Error_Handler();
 140:Src/i2c.c     ****   }
 141:Src/i2c.c     **** 
 142:Src/i2c.c     ****   /** Configure Analogue filter
 143:Src/i2c.c     ****   */
 144:Src/i2c.c     ****   if (HAL_I2CEx_ConfigAnalogFilter(&hi2c4, I2C_ANALOGFILTER_ENABLE) != HAL_OK)
 280              		.loc 1 144 3 is_stmt 1 view .LVU88
 281              		.loc 1 144 7 is_stmt 0 view .LVU89
 282 0024 0021     		movs	r1, #0
 283 0026 0948     		ldr	r0, .L29
 284 0028 FFF7FEFF 		bl	HAL_I2CEx_ConfigAnalogFilter
 285              	.LVL13:
 286              		.loc 1 144 6 view .LVU90
 287 002c 40B9     		cbnz	r0, .L27
 288              	.L23:
 145:Src/i2c.c     ****   {
 146:Src/i2c.c     ****     Error_Handler();
 147:Src/i2c.c     ****   }
 148:Src/i2c.c     **** 
 149:Src/i2c.c     ****   /** Configure Digital filter
 150:Src/i2c.c     ****   */
 151:Src/i2c.c     ****   if (HAL_I2CEx_ConfigDigitalFilter(&hi2c4, 0) != HAL_OK)
 289              		.loc 1 151 3 is_stmt 1 view .LVU91
 290              		.loc 1 151 7 is_stmt 0 view .LVU92
 291 002e 0021     		movs	r1, #0
 292 0030 0648     		ldr	r0, .L29
 293 0032 FFF7FEFF 		bl	HAL_I2CEx_ConfigDigitalFilter
 294              	.LVL14:
 295              		.loc 1 151 6 view .LVU93
 296 0036 30B9     		cbnz	r0, .L28
 297              	.L21:
 152:Src/i2c.c     ****   {
 153:Src/i2c.c     ****     Error_Handler();
 154:Src/i2c.c     ****   }
 155:Src/i2c.c     ****   /* USER CODE BEGIN I2C4_Init 2 */
 156:Src/i2c.c     **** 
 157:Src/i2c.c     ****   /* USER CODE END I2C4_Init 2 */
 158:Src/i2c.c     **** 
ARM GAS  /tmp/cch0739J.s 			page 9


 159:Src/i2c.c     **** }
 298              		.loc 1 159 1 view .LVU94
 299 0038 08BD     		pop	{r3, pc}
 300              	.L26:
 139:Src/i2c.c     ****   }
 301              		.loc 1 139 5 is_stmt 1 view .LVU95
 302 003a FFF7FEFF 		bl	Error_Handler
 303              	.LVL15:
 304 003e F1E7     		b	.L22
 305              	.L27:
 146:Src/i2c.c     ****   }
 306              		.loc 1 146 5 view .LVU96
 307 0040 FFF7FEFF 		bl	Error_Handler
 308              	.LVL16:
 309 0044 F3E7     		b	.L23
 310              	.L28:
 153:Src/i2c.c     ****   }
 311              		.loc 1 153 5 view .LVU97
 312 0046 FFF7FEFF 		bl	Error_Handler
 313              	.LVL17:
 314              		.loc 1 159 1 is_stmt 0 view .LVU98
 315 004a F5E7     		b	.L21
 316              	.L30:
 317              		.align	2
 318              	.L29:
 319 004c 00000000 		.word	.LANCHOR2
 320 0050 001C0058 		.word	1476402176
 321 0054 CE9F9000 		.word	9478094
 322              		.cfi_endproc
 323              	.LFE337:
 325              		.section	.text.HAL_I2C_MspInit,"ax",%progbits
 326              		.align	1
 327              		.global	HAL_I2C_MspInit
 328              		.syntax unified
 329              		.thumb
 330              		.thumb_func
 332              	HAL_I2C_MspInit:
 333              	.LVL18:
 334              	.LFB338:
 160:Src/i2c.c     **** 
 161:Src/i2c.c     **** void HAL_I2C_MspInit(I2C_HandleTypeDef* i2cHandle)
 162:Src/i2c.c     **** {
 335              		.loc 1 162 1 is_stmt 1 view -0
 336              		.cfi_startproc
 337              		@ args = 0, pretend = 0, frame = 248
 338              		@ frame_needed = 0, uses_anonymous_args = 0
 339              		.loc 1 162 1 is_stmt 0 view .LVU100
 340 0000 F0B5     		push	{r4, r5, r6, r7, lr}
 341              	.LCFI3:
 342              		.cfi_def_cfa_offset 20
 343              		.cfi_offset 4, -20
 344              		.cfi_offset 5, -16
 345              		.cfi_offset 6, -12
 346              		.cfi_offset 7, -8
 347              		.cfi_offset 14, -4
 348 0002 BFB0     		sub	sp, sp, #252
 349              	.LCFI4:
ARM GAS  /tmp/cch0739J.s 			page 10


 350              		.cfi_def_cfa_offset 272
 351 0004 0446     		mov	r4, r0
 163:Src/i2c.c     **** 
 164:Src/i2c.c     ****   GPIO_InitTypeDef GPIO_InitStruct = {0};
 352              		.loc 1 164 3 is_stmt 1 view .LVU101
 353              		.loc 1 164 20 is_stmt 0 view .LVU102
 354 0006 0021     		movs	r1, #0
 355 0008 3991     		str	r1, [sp, #228]
 356 000a 3A91     		str	r1, [sp, #232]
 357 000c 3B91     		str	r1, [sp, #236]
 358 000e 3C91     		str	r1, [sp, #240]
 359 0010 3D91     		str	r1, [sp, #244]
 165:Src/i2c.c     ****   RCC_PeriphCLKInitTypeDef PeriphClkInitStruct = {0};
 360              		.loc 1 165 3 is_stmt 1 view .LVU103
 361              		.loc 1 165 28 is_stmt 0 view .LVU104
 362 0012 C022     		movs	r2, #192
 363 0014 08A8     		add	r0, sp, #32
 364              	.LVL19:
 365              		.loc 1 165 28 view .LVU105
 366 0016 FFF7FEFF 		bl	memset
 367              	.LVL20:
 166:Src/i2c.c     ****   if(i2cHandle->Instance==I2C2)
 368              		.loc 1 166 3 is_stmt 1 view .LVU106
 369              		.loc 1 166 15 is_stmt 0 view .LVU107
 370 001a 2368     		ldr	r3, [r4]
 371              		.loc 1 166 5 view .LVU108
 372 001c 5E4A     		ldr	r2, .L45
 373 001e 9342     		cmp	r3, r2
 374 0020 07D0     		beq	.L39
 167:Src/i2c.c     ****   {
 168:Src/i2c.c     ****   /* USER CODE BEGIN I2C2_MspInit 0 */
 169:Src/i2c.c     **** 
 170:Src/i2c.c     ****   /* USER CODE END I2C2_MspInit 0 */
 171:Src/i2c.c     **** 
 172:Src/i2c.c     ****   /** Initializes the peripherals clock
 173:Src/i2c.c     ****   */
 174:Src/i2c.c     ****     PeriphClkInitStruct.PeriphClockSelection = RCC_PERIPHCLK_I2C2;
 175:Src/i2c.c     ****     PeriphClkInitStruct.I2c123ClockSelection = RCC_I2C123CLKSOURCE_D2PCLK1;
 176:Src/i2c.c     ****     if (HAL_RCCEx_PeriphCLKConfig(&PeriphClkInitStruct) != HAL_OK)
 177:Src/i2c.c     ****     {
 178:Src/i2c.c     ****       Error_Handler();
 179:Src/i2c.c     ****     }
 180:Src/i2c.c     **** 
 181:Src/i2c.c     ****     __HAL_RCC_GPIOH_CLK_ENABLE();
 182:Src/i2c.c     ****     /**I2C2 GPIO Configuration
 183:Src/i2c.c     ****     PH4     ------> I2C2_SCL
 184:Src/i2c.c     ****     PH5     ------> I2C2_SDA
 185:Src/i2c.c     ****     */
 186:Src/i2c.c     ****     GPIO_InitStruct.Pin = GPIO_PIN_4|GPIO_PIN_5;
 187:Src/i2c.c     ****     GPIO_InitStruct.Mode = GPIO_MODE_AF_OD;
 188:Src/i2c.c     ****     GPIO_InitStruct.Pull = GPIO_PULLUP;
 189:Src/i2c.c     ****     GPIO_InitStruct.Speed = GPIO_SPEED_FREQ_LOW;
 190:Src/i2c.c     ****     GPIO_InitStruct.Alternate = GPIO_AF4_I2C2;
 191:Src/i2c.c     ****     HAL_GPIO_Init(GPIOH, &GPIO_InitStruct);
 192:Src/i2c.c     **** 
 193:Src/i2c.c     ****     /* I2C2 clock enable */
 194:Src/i2c.c     ****     __HAL_RCC_I2C2_CLK_ENABLE();
ARM GAS  /tmp/cch0739J.s 			page 11


 195:Src/i2c.c     ****   /* USER CODE BEGIN I2C2_MspInit 1 */
 196:Src/i2c.c     **** 
 197:Src/i2c.c     ****   /* USER CODE END I2C2_MspInit 1 */
 198:Src/i2c.c     ****   }
 199:Src/i2c.c     ****   else if(i2cHandle->Instance==I2C3)
 375              		.loc 1 199 8 is_stmt 1 view .LVU109
 376              		.loc 1 199 10 is_stmt 0 view .LVU110
 377 0022 5E4A     		ldr	r2, .L45+4
 378 0024 9342     		cmp	r3, r2
 379 0026 37D0     		beq	.L40
 200:Src/i2c.c     ****   {
 201:Src/i2c.c     ****   /* USER CODE BEGIN I2C3_MspInit 0 */
 202:Src/i2c.c     **** 
 203:Src/i2c.c     ****   /* USER CODE END I2C3_MspInit 0 */
 204:Src/i2c.c     **** 
 205:Src/i2c.c     ****   /** Initializes the peripherals clock
 206:Src/i2c.c     ****   */
 207:Src/i2c.c     ****     PeriphClkInitStruct.PeriphClockSelection = RCC_PERIPHCLK_I2C3;
 208:Src/i2c.c     ****     PeriphClkInitStruct.I2c123ClockSelection = RCC_I2C123CLKSOURCE_D2PCLK1;
 209:Src/i2c.c     ****     if (HAL_RCCEx_PeriphCLKConfig(&PeriphClkInitStruct) != HAL_OK)
 210:Src/i2c.c     ****     {
 211:Src/i2c.c     ****       Error_Handler();
 212:Src/i2c.c     ****     }
 213:Src/i2c.c     **** 
 214:Src/i2c.c     ****     __HAL_RCC_GPIOH_CLK_ENABLE();
 215:Src/i2c.c     ****     /**I2C3 GPIO Configuration
 216:Src/i2c.c     ****     PH8     ------> I2C3_SDA
 217:Src/i2c.c     ****     PH7     ------> I2C3_SCL
 218:Src/i2c.c     ****     */
 219:Src/i2c.c     ****     GPIO_InitStruct.Pin = GPIO_PIN_8|GPIO_PIN_7;
 220:Src/i2c.c     ****     GPIO_InitStruct.Mode = GPIO_MODE_AF_OD;
 221:Src/i2c.c     ****     GPIO_InitStruct.Pull = GPIO_PULLUP;
 222:Src/i2c.c     ****     GPIO_InitStruct.Speed = GPIO_SPEED_FREQ_LOW;
 223:Src/i2c.c     ****     GPIO_InitStruct.Alternate = GPIO_AF4_I2C3;
 224:Src/i2c.c     ****     HAL_GPIO_Init(GPIOH, &GPIO_InitStruct);
 225:Src/i2c.c     **** 
 226:Src/i2c.c     ****     /* I2C3 clock enable */
 227:Src/i2c.c     ****     __HAL_RCC_I2C3_CLK_ENABLE();
 228:Src/i2c.c     ****   /* USER CODE BEGIN I2C3_MspInit 1 */
 229:Src/i2c.c     **** 
 230:Src/i2c.c     ****   /* USER CODE END I2C3_MspInit 1 */
 231:Src/i2c.c     ****   }
 232:Src/i2c.c     ****   else if(i2cHandle->Instance==I2C4)
 380              		.loc 1 232 8 is_stmt 1 view .LVU111
 381              		.loc 1 232 10 is_stmt 0 view .LVU112
 382 0028 5D4A     		ldr	r2, .L45+8
 383 002a 9342     		cmp	r3, r2
 384 002c 68D0     		beq	.L41
 385              	.LVL21:
 386              	.L31:
 233:Src/i2c.c     ****   {
 234:Src/i2c.c     ****   /* USER CODE BEGIN I2C4_MspInit 0 */
 235:Src/i2c.c     **** 
 236:Src/i2c.c     ****   /* USER CODE END I2C4_MspInit 0 */
 237:Src/i2c.c     **** 
 238:Src/i2c.c     ****   /** Initializes the peripherals clock
 239:Src/i2c.c     ****   */
ARM GAS  /tmp/cch0739J.s 			page 12


 240:Src/i2c.c     ****     PeriphClkInitStruct.PeriphClockSelection = RCC_PERIPHCLK_I2C4;
 241:Src/i2c.c     ****     PeriphClkInitStruct.I2c4ClockSelection = RCC_I2C4CLKSOURCE_D3PCLK1;
 242:Src/i2c.c     ****     if (HAL_RCCEx_PeriphCLKConfig(&PeriphClkInitStruct) != HAL_OK)
 243:Src/i2c.c     ****     {
 244:Src/i2c.c     ****       Error_Handler();
 245:Src/i2c.c     ****     }
 246:Src/i2c.c     **** 
 247:Src/i2c.c     ****     __HAL_RCC_GPIOB_CLK_ENABLE();
 248:Src/i2c.c     ****     __HAL_RCC_GPIOH_CLK_ENABLE();
 249:Src/i2c.c     ****     /**I2C4 GPIO Configuration
 250:Src/i2c.c     ****     PB6     ------> I2C4_SCL
 251:Src/i2c.c     ****     PH12     ------> I2C4_SDA
 252:Src/i2c.c     ****     */
 253:Src/i2c.c     ****     GPIO_InitStruct.Pin = GPIO_PIN_6;
 254:Src/i2c.c     ****     GPIO_InitStruct.Mode = GPIO_MODE_AF_OD;
 255:Src/i2c.c     ****     GPIO_InitStruct.Pull = GPIO_PULLUP;
 256:Src/i2c.c     ****     GPIO_InitStruct.Speed = GPIO_SPEED_FREQ_LOW;
 257:Src/i2c.c     ****     GPIO_InitStruct.Alternate = GPIO_AF6_I2C4;
 258:Src/i2c.c     ****     HAL_GPIO_Init(GPIOB, &GPIO_InitStruct);
 259:Src/i2c.c     **** 
 260:Src/i2c.c     ****     GPIO_InitStruct.Pin = GPIO_PIN_12;
 261:Src/i2c.c     ****     GPIO_InitStruct.Mode = GPIO_MODE_AF_OD;
 262:Src/i2c.c     ****     GPIO_InitStruct.Pull = GPIO_PULLUP;
 263:Src/i2c.c     ****     GPIO_InitStruct.Speed = GPIO_SPEED_FREQ_LOW;
 264:Src/i2c.c     ****     GPIO_InitStruct.Alternate = GPIO_AF4_I2C4;
 265:Src/i2c.c     ****     HAL_GPIO_Init(GPIOH, &GPIO_InitStruct);
 266:Src/i2c.c     **** 
 267:Src/i2c.c     ****     /* I2C4 clock enable */
 268:Src/i2c.c     ****     __HAL_RCC_I2C4_CLK_ENABLE();
 269:Src/i2c.c     ****   /* USER CODE BEGIN I2C4_MspInit 1 */
 270:Src/i2c.c     **** 
 271:Src/i2c.c     ****   /* USER CODE END I2C4_MspInit 1 */
 272:Src/i2c.c     ****   }
 273:Src/i2c.c     **** }
 387              		.loc 1 273 1 view .LVU113
 388 002e 3FB0     		add	sp, sp, #252
 389              	.LCFI5:
 390              		.cfi_remember_state
 391              		.cfi_def_cfa_offset 20
 392              		@ sp needed
 393 0030 F0BD     		pop	{r4, r5, r6, r7, pc}
 394              	.LVL22:
 395              	.L39:
 396              	.LCFI6:
 397              		.cfi_restore_state
 174:Src/i2c.c     ****     PeriphClkInitStruct.I2c123ClockSelection = RCC_I2C123CLKSOURCE_D2PCLK1;
 398              		.loc 1 174 5 is_stmt 1 view .LVU114
 174:Src/i2c.c     ****     PeriphClkInitStruct.I2c123ClockSelection = RCC_I2C123CLKSOURCE_D2PCLK1;
 399              		.loc 1 174 46 is_stmt 0 view .LVU115
 400 0032 0822     		movs	r2, #8
 401 0034 0023     		movs	r3, #0
 402 0036 CDE90823 		strd	r2, [sp, #32]
 175:Src/i2c.c     ****     if (HAL_RCCEx_PeriphCLKConfig(&PeriphClkInitStruct) != HAL_OK)
 403              		.loc 1 175 5 is_stmt 1 view .LVU116
 176:Src/i2c.c     ****     {
 404              		.loc 1 176 5 view .LVU117
 176:Src/i2c.c     ****     {
ARM GAS  /tmp/cch0739J.s 			page 13


 405              		.loc 1 176 9 is_stmt 0 view .LVU118
 406 003a 08A8     		add	r0, sp, #32
 407 003c FFF7FEFF 		bl	HAL_RCCEx_PeriphCLKConfig
 408              	.LVL23:
 176:Src/i2c.c     ****     {
 409              		.loc 1 176 8 view .LVU119
 410 0040 38BB     		cbnz	r0, .L42
 411              	.L33:
 181:Src/i2c.c     ****     /**I2C2 GPIO Configuration
 412              		.loc 1 181 5 is_stmt 1 view .LVU120
 413              	.LBB2:
 181:Src/i2c.c     ****     /**I2C2 GPIO Configuration
 414              		.loc 1 181 5 view .LVU121
 181:Src/i2c.c     ****     /**I2C2 GPIO Configuration
 415              		.loc 1 181 5 view .LVU122
 416 0042 584C     		ldr	r4, .L45+12
 417              	.LVL24:
 181:Src/i2c.c     ****     /**I2C2 GPIO Configuration
 418              		.loc 1 181 5 is_stmt 0 view .LVU123
 419 0044 D4F8E030 		ldr	r3, [r4, #224]
 420 0048 43F08003 		orr	r3, r3, #128
 421 004c C4F8E030 		str	r3, [r4, #224]
 181:Src/i2c.c     ****     /**I2C2 GPIO Configuration
 422              		.loc 1 181 5 is_stmt 1 view .LVU124
 423 0050 D4F8E030 		ldr	r3, [r4, #224]
 424 0054 03F08003 		and	r3, r3, #128
 425 0058 0193     		str	r3, [sp, #4]
 181:Src/i2c.c     ****     /**I2C2 GPIO Configuration
 426              		.loc 1 181 5 view .LVU125
 427 005a 019B     		ldr	r3, [sp, #4]
 428              	.LBE2:
 181:Src/i2c.c     ****     /**I2C2 GPIO Configuration
 429              		.loc 1 181 5 view .LVU126
 186:Src/i2c.c     ****     GPIO_InitStruct.Mode = GPIO_MODE_AF_OD;
 430              		.loc 1 186 5 view .LVU127
 186:Src/i2c.c     ****     GPIO_InitStruct.Mode = GPIO_MODE_AF_OD;
 431              		.loc 1 186 25 is_stmt 0 view .LVU128
 432 005c 3023     		movs	r3, #48
 433 005e 3993     		str	r3, [sp, #228]
 187:Src/i2c.c     ****     GPIO_InitStruct.Pull = GPIO_PULLUP;
 434              		.loc 1 187 5 is_stmt 1 view .LVU129
 187:Src/i2c.c     ****     GPIO_InitStruct.Pull = GPIO_PULLUP;
 435              		.loc 1 187 26 is_stmt 0 view .LVU130
 436 0060 1223     		movs	r3, #18
 437 0062 3A93     		str	r3, [sp, #232]
 188:Src/i2c.c     ****     GPIO_InitStruct.Speed = GPIO_SPEED_FREQ_LOW;
 438              		.loc 1 188 5 is_stmt 1 view .LVU131
 188:Src/i2c.c     ****     GPIO_InitStruct.Speed = GPIO_SPEED_FREQ_LOW;
 439              		.loc 1 188 26 is_stmt 0 view .LVU132
 440 0064 0123     		movs	r3, #1
 441 0066 3B93     		str	r3, [sp, #236]
 189:Src/i2c.c     ****     GPIO_InitStruct.Alternate = GPIO_AF4_I2C2;
 442              		.loc 1 189 5 is_stmt 1 view .LVU133
 189:Src/i2c.c     ****     GPIO_InitStruct.Alternate = GPIO_AF4_I2C2;
 443              		.loc 1 189 27 is_stmt 0 view .LVU134
 444 0068 0023     		movs	r3, #0
 445 006a 3C93     		str	r3, [sp, #240]
ARM GAS  /tmp/cch0739J.s 			page 14


 190:Src/i2c.c     ****     HAL_GPIO_Init(GPIOH, &GPIO_InitStruct);
 446              		.loc 1 190 5 is_stmt 1 view .LVU135
 190:Src/i2c.c     ****     HAL_GPIO_Init(GPIOH, &GPIO_InitStruct);
 447              		.loc 1 190 31 is_stmt 0 view .LVU136
 448 006c 0423     		movs	r3, #4
 449 006e 3D93     		str	r3, [sp, #244]
 191:Src/i2c.c     **** 
 450              		.loc 1 191 5 is_stmt 1 view .LVU137
 451 0070 39A9     		add	r1, sp, #228
 452 0072 4D48     		ldr	r0, .L45+16
 453 0074 FFF7FEFF 		bl	HAL_GPIO_Init
 454              	.LVL25:
 194:Src/i2c.c     ****   /* USER CODE BEGIN I2C2_MspInit 1 */
 455              		.loc 1 194 5 view .LVU138
 456              	.LBB3:
 194:Src/i2c.c     ****   /* USER CODE BEGIN I2C2_MspInit 1 */
 457              		.loc 1 194 5 view .LVU139
 194:Src/i2c.c     ****   /* USER CODE BEGIN I2C2_MspInit 1 */
 458              		.loc 1 194 5 view .LVU140
 459 0078 D4F8E830 		ldr	r3, [r4, #232]
 460 007c 43F48003 		orr	r3, r3, #4194304
 461 0080 C4F8E830 		str	r3, [r4, #232]
 194:Src/i2c.c     ****   /* USER CODE BEGIN I2C2_MspInit 1 */
 462              		.loc 1 194 5 view .LVU141
 463 0084 D4F8E830 		ldr	r3, [r4, #232]
 464 0088 03F48003 		and	r3, r3, #4194304
 465 008c 0293     		str	r3, [sp, #8]
 194:Src/i2c.c     ****   /* USER CODE BEGIN I2C2_MspInit 1 */
 466              		.loc 1 194 5 view .LVU142
 467 008e 029B     		ldr	r3, [sp, #8]
 468              	.LBE3:
 194:Src/i2c.c     ****   /* USER CODE BEGIN I2C2_MspInit 1 */
 469              		.loc 1 194 5 view .LVU143
 470 0090 CDE7     		b	.L31
 471              	.LVL26:
 472              	.L42:
 178:Src/i2c.c     ****     }
 473              		.loc 1 178 7 view .LVU144
 474 0092 FFF7FEFF 		bl	Error_Handler
 475              	.LVL27:
 476 0096 D4E7     		b	.L33
 477              	.L40:
 207:Src/i2c.c     ****     PeriphClkInitStruct.I2c123ClockSelection = RCC_I2C123CLKSOURCE_D2PCLK1;
 478              		.loc 1 207 5 view .LVU145
 207:Src/i2c.c     ****     PeriphClkInitStruct.I2c123ClockSelection = RCC_I2C123CLKSOURCE_D2PCLK1;
 479              		.loc 1 207 46 is_stmt 0 view .LVU146
 480 0098 0822     		movs	r2, #8
 481 009a 0023     		movs	r3, #0
 482 009c CDE90823 		strd	r2, [sp, #32]
 208:Src/i2c.c     ****     if (HAL_RCCEx_PeriphCLKConfig(&PeriphClkInitStruct) != HAL_OK)
 483              		.loc 1 208 5 is_stmt 1 view .LVU147
 209:Src/i2c.c     ****     {
 484              		.loc 1 209 5 view .LVU148
 209:Src/i2c.c     ****     {
 485              		.loc 1 209 9 is_stmt 0 view .LVU149
 486 00a0 08A8     		add	r0, sp, #32
 487 00a2 FFF7FEFF 		bl	HAL_RCCEx_PeriphCLKConfig
ARM GAS  /tmp/cch0739J.s 			page 15


 488              	.LVL28:
 209:Src/i2c.c     ****     {
 489              		.loc 1 209 8 view .LVU150
 490 00a6 40BB     		cbnz	r0, .L43
 491              	.L36:
 214:Src/i2c.c     ****     /**I2C3 GPIO Configuration
 492              		.loc 1 214 5 is_stmt 1 view .LVU151
 493              	.LBB4:
 214:Src/i2c.c     ****     /**I2C3 GPIO Configuration
 494              		.loc 1 214 5 view .LVU152
 214:Src/i2c.c     ****     /**I2C3 GPIO Configuration
 495              		.loc 1 214 5 view .LVU153
 496 00a8 3E4C     		ldr	r4, .L45+12
 497              	.LVL29:
 214:Src/i2c.c     ****     /**I2C3 GPIO Configuration
 498              		.loc 1 214 5 is_stmt 0 view .LVU154
 499 00aa D4F8E030 		ldr	r3, [r4, #224]
 500 00ae 43F08003 		orr	r3, r3, #128
 501 00b2 C4F8E030 		str	r3, [r4, #224]
 214:Src/i2c.c     ****     /**I2C3 GPIO Configuration
 502              		.loc 1 214 5 is_stmt 1 view .LVU155
 503 00b6 D4F8E030 		ldr	r3, [r4, #224]
 504 00ba 03F08003 		and	r3, r3, #128
 505 00be 0393     		str	r3, [sp, #12]
 214:Src/i2c.c     ****     /**I2C3 GPIO Configuration
 506              		.loc 1 214 5 view .LVU156
 507 00c0 039B     		ldr	r3, [sp, #12]
 508              	.LBE4:
 214:Src/i2c.c     ****     /**I2C3 GPIO Configuration
 509              		.loc 1 214 5 view .LVU157
 219:Src/i2c.c     ****     GPIO_InitStruct.Mode = GPIO_MODE_AF_OD;
 510              		.loc 1 219 5 view .LVU158
 219:Src/i2c.c     ****     GPIO_InitStruct.Mode = GPIO_MODE_AF_OD;
 511              		.loc 1 219 25 is_stmt 0 view .LVU159
 512 00c2 4FF4C073 		mov	r3, #384
 513 00c6 3993     		str	r3, [sp, #228]
 220:Src/i2c.c     ****     GPIO_InitStruct.Pull = GPIO_PULLUP;
 514              		.loc 1 220 5 is_stmt 1 view .LVU160
 220:Src/i2c.c     ****     GPIO_InitStruct.Pull = GPIO_PULLUP;
 515              		.loc 1 220 26 is_stmt 0 view .LVU161
 516 00c8 1223     		movs	r3, #18
 517 00ca 3A93     		str	r3, [sp, #232]
 221:Src/i2c.c     ****     GPIO_InitStruct.Speed = GPIO_SPEED_FREQ_LOW;
 518              		.loc 1 221 5 is_stmt 1 view .LVU162
 221:Src/i2c.c     ****     GPIO_InitStruct.Speed = GPIO_SPEED_FREQ_LOW;
 519              		.loc 1 221 26 is_stmt 0 view .LVU163
 520 00cc 0123     		movs	r3, #1
 521 00ce 3B93     		str	r3, [sp, #236]
 222:Src/i2c.c     ****     GPIO_InitStruct.Alternate = GPIO_AF4_I2C3;
 522              		.loc 1 222 5 is_stmt 1 view .LVU164
 222:Src/i2c.c     ****     GPIO_InitStruct.Alternate = GPIO_AF4_I2C3;
 523              		.loc 1 222 27 is_stmt 0 view .LVU165
 524 00d0 0023     		movs	r3, #0
 525 00d2 3C93     		str	r3, [sp, #240]
 223:Src/i2c.c     ****     HAL_GPIO_Init(GPIOH, &GPIO_InitStruct);
 526              		.loc 1 223 5 is_stmt 1 view .LVU166
 223:Src/i2c.c     ****     HAL_GPIO_Init(GPIOH, &GPIO_InitStruct);
ARM GAS  /tmp/cch0739J.s 			page 16


 527              		.loc 1 223 31 is_stmt 0 view .LVU167
 528 00d4 0423     		movs	r3, #4
 529 00d6 3D93     		str	r3, [sp, #244]
 224:Src/i2c.c     **** 
 530              		.loc 1 224 5 is_stmt 1 view .LVU168
 531 00d8 39A9     		add	r1, sp, #228
 532 00da 3348     		ldr	r0, .L45+16
 533 00dc FFF7FEFF 		bl	HAL_GPIO_Init
 534              	.LVL30:
 227:Src/i2c.c     ****   /* USER CODE BEGIN I2C3_MspInit 1 */
 535              		.loc 1 227 5 view .LVU169
 536              	.LBB5:
 227:Src/i2c.c     ****   /* USER CODE BEGIN I2C3_MspInit 1 */
 537              		.loc 1 227 5 view .LVU170
 227:Src/i2c.c     ****   /* USER CODE BEGIN I2C3_MspInit 1 */
 538              		.loc 1 227 5 view .LVU171
 539 00e0 D4F8E830 		ldr	r3, [r4, #232]
 540 00e4 43F40003 		orr	r3, r3, #8388608
 541 00e8 C4F8E830 		str	r3, [r4, #232]
 227:Src/i2c.c     ****   /* USER CODE BEGIN I2C3_MspInit 1 */
 542              		.loc 1 227 5 view .LVU172
 543 00ec D4F8E830 		ldr	r3, [r4, #232]
 544 00f0 03F40003 		and	r3, r3, #8388608
 545 00f4 0493     		str	r3, [sp, #16]
 227:Src/i2c.c     ****   /* USER CODE BEGIN I2C3_MspInit 1 */
 546              		.loc 1 227 5 view .LVU173
 547 00f6 049B     		ldr	r3, [sp, #16]
 548              	.LBE5:
 227:Src/i2c.c     ****   /* USER CODE BEGIN I2C3_MspInit 1 */
 549              		.loc 1 227 5 view .LVU174
 550 00f8 99E7     		b	.L31
 551              	.LVL31:
 552              	.L43:
 211:Src/i2c.c     ****     }
 553              		.loc 1 211 7 view .LVU175
 554 00fa FFF7FEFF 		bl	Error_Handler
 555              	.LVL32:
 556 00fe D3E7     		b	.L36
 557              	.L41:
 240:Src/i2c.c     ****     PeriphClkInitStruct.I2c4ClockSelection = RCC_I2C4CLKSOURCE_D3PCLK1;
 558              		.loc 1 240 5 view .LVU176
 240:Src/i2c.c     ****     PeriphClkInitStruct.I2c4ClockSelection = RCC_I2C4CLKSOURCE_D3PCLK1;
 559              		.loc 1 240 46 is_stmt 0 view .LVU177
 560 0100 1022     		movs	r2, #16
 561 0102 0023     		movs	r3, #0
 562 0104 CDE90823 		strd	r2, [sp, #32]
 241:Src/i2c.c     ****     if (HAL_RCCEx_PeriphCLKConfig(&PeriphClkInitStruct) != HAL_OK)
 563              		.loc 1 241 5 is_stmt 1 view .LVU178
 242:Src/i2c.c     ****     {
 564              		.loc 1 242 5 view .LVU179
 242:Src/i2c.c     ****     {
 565              		.loc 1 242 9 is_stmt 0 view .LVU180
 566 0108 08A8     		add	r0, sp, #32
 567 010a FFF7FEFF 		bl	HAL_RCCEx_PeriphCLKConfig
 568              	.LVL33:
 242:Src/i2c.c     ****     {
 569              		.loc 1 242 8 view .LVU181
ARM GAS  /tmp/cch0739J.s 			page 17


 570 010e 0028     		cmp	r0, #0
 571 0110 3FD1     		bne	.L44
 572              	.L37:
 247:Src/i2c.c     ****     __HAL_RCC_GPIOH_CLK_ENABLE();
 573              		.loc 1 247 5 is_stmt 1 view .LVU182
 574              	.LBB6:
 247:Src/i2c.c     ****     __HAL_RCC_GPIOH_CLK_ENABLE();
 575              		.loc 1 247 5 view .LVU183
 247:Src/i2c.c     ****     __HAL_RCC_GPIOH_CLK_ENABLE();
 576              		.loc 1 247 5 view .LVU184
 577 0112 244C     		ldr	r4, .L45+12
 578              	.LVL34:
 247:Src/i2c.c     ****     __HAL_RCC_GPIOH_CLK_ENABLE();
 579              		.loc 1 247 5 is_stmt 0 view .LVU185
 580 0114 D4F8E030 		ldr	r3, [r4, #224]
 581 0118 43F00203 		orr	r3, r3, #2
 582 011c C4F8E030 		str	r3, [r4, #224]
 247:Src/i2c.c     ****     __HAL_RCC_GPIOH_CLK_ENABLE();
 583              		.loc 1 247 5 is_stmt 1 view .LVU186
 584 0120 D4F8E030 		ldr	r3, [r4, #224]
 585 0124 03F00203 		and	r3, r3, #2
 586 0128 0593     		str	r3, [sp, #20]
 247:Src/i2c.c     ****     __HAL_RCC_GPIOH_CLK_ENABLE();
 587              		.loc 1 247 5 view .LVU187
 588 012a 059B     		ldr	r3, [sp, #20]
 589              	.LBE6:
 247:Src/i2c.c     ****     __HAL_RCC_GPIOH_CLK_ENABLE();
 590              		.loc 1 247 5 view .LVU188
 248:Src/i2c.c     ****     /**I2C4 GPIO Configuration
 591              		.loc 1 248 5 view .LVU189
 592              	.LBB7:
 248:Src/i2c.c     ****     /**I2C4 GPIO Configuration
 593              		.loc 1 248 5 view .LVU190
 248:Src/i2c.c     ****     /**I2C4 GPIO Configuration
 594              		.loc 1 248 5 view .LVU191
 595 012c D4F8E030 		ldr	r3, [r4, #224]
 596 0130 43F08003 		orr	r3, r3, #128
 597 0134 C4F8E030 		str	r3, [r4, #224]
 248:Src/i2c.c     ****     /**I2C4 GPIO Configuration
 598              		.loc 1 248 5 view .LVU192
 599 0138 D4F8E030 		ldr	r3, [r4, #224]
 600 013c 03F08003 		and	r3, r3, #128
 601 0140 0693     		str	r3, [sp, #24]
 248:Src/i2c.c     ****     /**I2C4 GPIO Configuration
 602              		.loc 1 248 5 view .LVU193
 603 0142 069B     		ldr	r3, [sp, #24]
 604              	.LBE7:
 248:Src/i2c.c     ****     /**I2C4 GPIO Configuration
 605              		.loc 1 248 5 view .LVU194
 253:Src/i2c.c     ****     GPIO_InitStruct.Mode = GPIO_MODE_AF_OD;
 606              		.loc 1 253 5 view .LVU195
 253:Src/i2c.c     ****     GPIO_InitStruct.Mode = GPIO_MODE_AF_OD;
 607              		.loc 1 253 25 is_stmt 0 view .LVU196
 608 0144 4023     		movs	r3, #64
 609 0146 3993     		str	r3, [sp, #228]
 254:Src/i2c.c     ****     GPIO_InitStruct.Pull = GPIO_PULLUP;
 610              		.loc 1 254 5 is_stmt 1 view .LVU197
ARM GAS  /tmp/cch0739J.s 			page 18


 254:Src/i2c.c     ****     GPIO_InitStruct.Pull = GPIO_PULLUP;
 611              		.loc 1 254 26 is_stmt 0 view .LVU198
 612 0148 1227     		movs	r7, #18
 613 014a 3A97     		str	r7, [sp, #232]
 255:Src/i2c.c     ****     GPIO_InitStruct.Speed = GPIO_SPEED_FREQ_LOW;
 614              		.loc 1 255 5 is_stmt 1 view .LVU199
 255:Src/i2c.c     ****     GPIO_InitStruct.Speed = GPIO_SPEED_FREQ_LOW;
 615              		.loc 1 255 26 is_stmt 0 view .LVU200
 616 014c 0126     		movs	r6, #1
 617 014e 3B96     		str	r6, [sp, #236]
 256:Src/i2c.c     ****     GPIO_InitStruct.Alternate = GPIO_AF6_I2C4;
 618              		.loc 1 256 5 is_stmt 1 view .LVU201
 256:Src/i2c.c     ****     GPIO_InitStruct.Alternate = GPIO_AF6_I2C4;
 619              		.loc 1 256 27 is_stmt 0 view .LVU202
 620 0150 0025     		movs	r5, #0
 621 0152 3C95     		str	r5, [sp, #240]
 257:Src/i2c.c     ****     HAL_GPIO_Init(GPIOB, &GPIO_InitStruct);
 622              		.loc 1 257 5 is_stmt 1 view .LVU203
 257:Src/i2c.c     ****     HAL_GPIO_Init(GPIOB, &GPIO_InitStruct);
 623              		.loc 1 257 31 is_stmt 0 view .LVU204
 624 0154 0623     		movs	r3, #6
 625 0156 3D93     		str	r3, [sp, #244]
 258:Src/i2c.c     **** 
 626              		.loc 1 258 5 is_stmt 1 view .LVU205
 627 0158 39A9     		add	r1, sp, #228
 628 015a 1448     		ldr	r0, .L45+20
 629 015c FFF7FEFF 		bl	HAL_GPIO_Init
 630              	.LVL35:
 260:Src/i2c.c     ****     GPIO_InitStruct.Mode = GPIO_MODE_AF_OD;
 631              		.loc 1 260 5 view .LVU206
 260:Src/i2c.c     ****     GPIO_InitStruct.Mode = GPIO_MODE_AF_OD;
 632              		.loc 1 260 25 is_stmt 0 view .LVU207
 633 0160 4FF48053 		mov	r3, #4096
 634 0164 3993     		str	r3, [sp, #228]
 261:Src/i2c.c     ****     GPIO_InitStruct.Pull = GPIO_PULLUP;
 635              		.loc 1 261 5 is_stmt 1 view .LVU208
 261:Src/i2c.c     ****     GPIO_InitStruct.Pull = GPIO_PULLUP;
 636              		.loc 1 261 26 is_stmt 0 view .LVU209
 637 0166 3A97     		str	r7, [sp, #232]
 262:Src/i2c.c     ****     GPIO_InitStruct.Speed = GPIO_SPEED_FREQ_LOW;
 638              		.loc 1 262 5 is_stmt 1 view .LVU210
 262:Src/i2c.c     ****     GPIO_InitStruct.Speed = GPIO_SPEED_FREQ_LOW;
 639              		.loc 1 262 26 is_stmt 0 view .LVU211
 640 0168 3B96     		str	r6, [sp, #236]
 263:Src/i2c.c     ****     GPIO_InitStruct.Alternate = GPIO_AF4_I2C4;
 641              		.loc 1 263 5 is_stmt 1 view .LVU212
 263:Src/i2c.c     ****     GPIO_InitStruct.Alternate = GPIO_AF4_I2C4;
 642              		.loc 1 263 27 is_stmt 0 view .LVU213
 643 016a 3C95     		str	r5, [sp, #240]
 264:Src/i2c.c     ****     HAL_GPIO_Init(GPIOH, &GPIO_InitStruct);
 644              		.loc 1 264 5 is_stmt 1 view .LVU214
 264:Src/i2c.c     ****     HAL_GPIO_Init(GPIOH, &GPIO_InitStruct);
 645              		.loc 1 264 31 is_stmt 0 view .LVU215
 646 016c 0423     		movs	r3, #4
 647 016e 3D93     		str	r3, [sp, #244]
 265:Src/i2c.c     **** 
 648              		.loc 1 265 5 is_stmt 1 view .LVU216
ARM GAS  /tmp/cch0739J.s 			page 19


 649 0170 39A9     		add	r1, sp, #228
 650 0172 0D48     		ldr	r0, .L45+16
 651 0174 FFF7FEFF 		bl	HAL_GPIO_Init
 652              	.LVL36:
 268:Src/i2c.c     ****   /* USER CODE BEGIN I2C4_MspInit 1 */
 653              		.loc 1 268 5 view .LVU217
 654              	.LBB8:
 268:Src/i2c.c     ****   /* USER CODE BEGIN I2C4_MspInit 1 */
 655              		.loc 1 268 5 view .LVU218
 268:Src/i2c.c     ****   /* USER CODE BEGIN I2C4_MspInit 1 */
 656              		.loc 1 268 5 view .LVU219
 657 0178 D4F8F430 		ldr	r3, [r4, #244]
 658 017c 43F08003 		orr	r3, r3, #128
 659 0180 C4F8F430 		str	r3, [r4, #244]
 268:Src/i2c.c     ****   /* USER CODE BEGIN I2C4_MspInit 1 */
 660              		.loc 1 268 5 view .LVU220
 661 0184 D4F8F430 		ldr	r3, [r4, #244]
 662 0188 03F08003 		and	r3, r3, #128
 663 018c 0793     		str	r3, [sp, #28]
 268:Src/i2c.c     ****   /* USER CODE BEGIN I2C4_MspInit 1 */
 664              		.loc 1 268 5 view .LVU221
 665 018e 079B     		ldr	r3, [sp, #28]
 666              	.LBE8:
 268:Src/i2c.c     ****   /* USER CODE BEGIN I2C4_MspInit 1 */
 667              		.loc 1 268 5 view .LVU222
 668              		.loc 1 273 1 is_stmt 0 view .LVU223
 669 0190 4DE7     		b	.L31
 670              	.LVL37:
 671              	.L44:
 244:Src/i2c.c     ****     }
 672              		.loc 1 244 7 is_stmt 1 view .LVU224
 673 0192 FFF7FEFF 		bl	Error_Handler
 674              	.LVL38:
 675 0196 BCE7     		b	.L37
 676              	.L46:
 677              		.align	2
 678              	.L45:
 679 0198 00580040 		.word	1073764352
 680 019c 005C0040 		.word	1073765376
 681 01a0 001C0058 		.word	1476402176
 682 01a4 00440258 		.word	1476543488
 683 01a8 001C0258 		.word	1476533248
 684 01ac 00040258 		.word	1476527104
 685              		.cfi_endproc
 686              	.LFE338:
 688              		.section	.text.HAL_I2C_MspDeInit,"ax",%progbits
 689              		.align	1
 690              		.global	HAL_I2C_MspDeInit
 691              		.syntax unified
 692              		.thumb
 693              		.thumb_func
 695              	HAL_I2C_MspDeInit:
 696              	.LVL39:
 697              	.LFB339:
 274:Src/i2c.c     **** 
 275:Src/i2c.c     **** void HAL_I2C_MspDeInit(I2C_HandleTypeDef* i2cHandle)
 276:Src/i2c.c     **** {
ARM GAS  /tmp/cch0739J.s 			page 20


 698              		.loc 1 276 1 view -0
 699              		.cfi_startproc
 700              		@ args = 0, pretend = 0, frame = 0
 701              		@ frame_needed = 0, uses_anonymous_args = 0
 702              		.loc 1 276 1 is_stmt 0 view .LVU226
 703 0000 10B5     		push	{r4, lr}
 704              	.LCFI7:
 705              		.cfi_def_cfa_offset 8
 706              		.cfi_offset 4, -8
 707              		.cfi_offset 14, -4
 277:Src/i2c.c     **** 
 278:Src/i2c.c     ****   if(i2cHandle->Instance==I2C2)
 708              		.loc 1 278 3 is_stmt 1 view .LVU227
 709              		.loc 1 278 15 is_stmt 0 view .LVU228
 710 0002 0368     		ldr	r3, [r0]
 711              		.loc 1 278 5 view .LVU229
 712 0004 1F4A     		ldr	r2, .L55
 713 0006 9342     		cmp	r3, r2
 714 0008 06D0     		beq	.L52
 279:Src/i2c.c     ****   {
 280:Src/i2c.c     ****   /* USER CODE BEGIN I2C2_MspDeInit 0 */
 281:Src/i2c.c     **** 
 282:Src/i2c.c     ****   /* USER CODE END I2C2_MspDeInit 0 */
 283:Src/i2c.c     ****     /* Peripheral clock disable */
 284:Src/i2c.c     ****     __HAL_RCC_I2C2_CLK_DISABLE();
 285:Src/i2c.c     **** 
 286:Src/i2c.c     ****     /**I2C2 GPIO Configuration
 287:Src/i2c.c     ****     PH4     ------> I2C2_SCL
 288:Src/i2c.c     ****     PH5     ------> I2C2_SDA
 289:Src/i2c.c     ****     */
 290:Src/i2c.c     ****     HAL_GPIO_DeInit(GPIOH, GPIO_PIN_4);
 291:Src/i2c.c     **** 
 292:Src/i2c.c     ****     HAL_GPIO_DeInit(GPIOH, GPIO_PIN_5);
 293:Src/i2c.c     **** 
 294:Src/i2c.c     ****   /* USER CODE BEGIN I2C2_MspDeInit 1 */
 295:Src/i2c.c     **** 
 296:Src/i2c.c     ****   /* USER CODE END I2C2_MspDeInit 1 */
 297:Src/i2c.c     ****   }
 298:Src/i2c.c     ****   else if(i2cHandle->Instance==I2C3)
 715              		.loc 1 298 8 is_stmt 1 view .LVU230
 716              		.loc 1 298 10 is_stmt 0 view .LVU231
 717 000a 1F4A     		ldr	r2, .L55+4
 718 000c 9342     		cmp	r3, r2
 719 000e 14D0     		beq	.L53
 299:Src/i2c.c     ****   {
 300:Src/i2c.c     ****   /* USER CODE BEGIN I2C3_MspDeInit 0 */
 301:Src/i2c.c     **** 
 302:Src/i2c.c     ****   /* USER CODE END I2C3_MspDeInit 0 */
 303:Src/i2c.c     ****     /* Peripheral clock disable */
 304:Src/i2c.c     ****     __HAL_RCC_I2C3_CLK_DISABLE();
 305:Src/i2c.c     **** 
 306:Src/i2c.c     ****     /**I2C3 GPIO Configuration
 307:Src/i2c.c     ****     PH8     ------> I2C3_SDA
 308:Src/i2c.c     ****     PH7     ------> I2C3_SCL
 309:Src/i2c.c     ****     */
 310:Src/i2c.c     ****     HAL_GPIO_DeInit(GPIOH, GPIO_PIN_8);
 311:Src/i2c.c     **** 
ARM GAS  /tmp/cch0739J.s 			page 21


 312:Src/i2c.c     ****     HAL_GPIO_DeInit(GPIOH, GPIO_PIN_7);
 313:Src/i2c.c     **** 
 314:Src/i2c.c     ****   /* USER CODE BEGIN I2C3_MspDeInit 1 */
 315:Src/i2c.c     **** 
 316:Src/i2c.c     ****   /* USER CODE END I2C3_MspDeInit 1 */
 317:Src/i2c.c     ****   }
 318:Src/i2c.c     ****   else if(i2cHandle->Instance==I2C4)
 720              		.loc 1 318 8 is_stmt 1 view .LVU232
 721              		.loc 1 318 10 is_stmt 0 view .LVU233
 722 0010 1E4A     		ldr	r2, .L55+8
 723 0012 9342     		cmp	r3, r2
 724 0014 23D0     		beq	.L54
 725              	.LVL40:
 726              	.L47:
 319:Src/i2c.c     ****   {
 320:Src/i2c.c     ****   /* USER CODE BEGIN I2C4_MspDeInit 0 */
 321:Src/i2c.c     **** 
 322:Src/i2c.c     ****   /* USER CODE END I2C4_MspDeInit 0 */
 323:Src/i2c.c     ****     /* Peripheral clock disable */
 324:Src/i2c.c     ****     __HAL_RCC_I2C4_CLK_DISABLE();
 325:Src/i2c.c     **** 
 326:Src/i2c.c     ****     /**I2C4 GPIO Configuration
 327:Src/i2c.c     ****     PB6     ------> I2C4_SCL
 328:Src/i2c.c     ****     PH12     ------> I2C4_SDA
 329:Src/i2c.c     ****     */
 330:Src/i2c.c     ****     HAL_GPIO_DeInit(GPIOB, GPIO_PIN_6);
 331:Src/i2c.c     **** 
 332:Src/i2c.c     ****     HAL_GPIO_DeInit(GPIOH, GPIO_PIN_12);
 333:Src/i2c.c     **** 
 334:Src/i2c.c     ****   /* USER CODE BEGIN I2C4_MspDeInit 1 */
 335:Src/i2c.c     **** 
 336:Src/i2c.c     ****   /* USER CODE END I2C4_MspDeInit 1 */
 337:Src/i2c.c     ****   }
 338:Src/i2c.c     **** }
 727              		.loc 1 338 1 view .LVU234
 728 0016 10BD     		pop	{r4, pc}
 729              	.LVL41:
 730              	.L52:
 284:Src/i2c.c     **** 
 731              		.loc 1 284 5 is_stmt 1 view .LVU235
 732 0018 1D4A     		ldr	r2, .L55+12
 733 001a D2F8E830 		ldr	r3, [r2, #232]
 734 001e 23F48003 		bic	r3, r3, #4194304
 735 0022 C2F8E830 		str	r3, [r2, #232]
 290:Src/i2c.c     **** 
 736              		.loc 1 290 5 view .LVU236
 737 0026 1B4C     		ldr	r4, .L55+16
 738 0028 1021     		movs	r1, #16
 739 002a 2046     		mov	r0, r4
 740              	.LVL42:
 290:Src/i2c.c     **** 
 741              		.loc 1 290 5 is_stmt 0 view .LVU237
 742 002c FFF7FEFF 		bl	HAL_GPIO_DeInit
 743              	.LVL43:
 292:Src/i2c.c     **** 
 744              		.loc 1 292 5 is_stmt 1 view .LVU238
 745 0030 2021     		movs	r1, #32
ARM GAS  /tmp/cch0739J.s 			page 22


 746 0032 2046     		mov	r0, r4
 747 0034 FFF7FEFF 		bl	HAL_GPIO_DeInit
 748              	.LVL44:
 749 0038 EDE7     		b	.L47
 750              	.LVL45:
 751              	.L53:
 304:Src/i2c.c     **** 
 752              		.loc 1 304 5 view .LVU239
 753 003a 154A     		ldr	r2, .L55+12
 754 003c D2F8E830 		ldr	r3, [r2, #232]
 755 0040 23F40003 		bic	r3, r3, #8388608
 756 0044 C2F8E830 		str	r3, [r2, #232]
 310:Src/i2c.c     **** 
 757              		.loc 1 310 5 view .LVU240
 758 0048 124C     		ldr	r4, .L55+16
 759 004a 4FF48071 		mov	r1, #256
 760 004e 2046     		mov	r0, r4
 761              	.LVL46:
 310:Src/i2c.c     **** 
 762              		.loc 1 310 5 is_stmt 0 view .LVU241
 763 0050 FFF7FEFF 		bl	HAL_GPIO_DeInit
 764              	.LVL47:
 312:Src/i2c.c     **** 
 765              		.loc 1 312 5 is_stmt 1 view .LVU242
 766 0054 8021     		movs	r1, #128
 767 0056 2046     		mov	r0, r4
 768 0058 FFF7FEFF 		bl	HAL_GPIO_DeInit
 769              	.LVL48:
 770 005c DBE7     		b	.L47
 771              	.LVL49:
 772              	.L54:
 324:Src/i2c.c     **** 
 773              		.loc 1 324 5 view .LVU243
 774 005e 02F50A32 		add	r2, r2, #141312
 775 0062 D2F8F430 		ldr	r3, [r2, #244]
 776 0066 23F08003 		bic	r3, r3, #128
 777 006a C2F8F430 		str	r3, [r2, #244]
 330:Src/i2c.c     **** 
 778              		.loc 1 330 5 view .LVU244
 779 006e 4021     		movs	r1, #64
 780 0070 0948     		ldr	r0, .L55+20
 781              	.LVL50:
 330:Src/i2c.c     **** 
 782              		.loc 1 330 5 is_stmt 0 view .LVU245
 783 0072 FFF7FEFF 		bl	HAL_GPIO_DeInit
 784              	.LVL51:
 332:Src/i2c.c     **** 
 785              		.loc 1 332 5 is_stmt 1 view .LVU246
 786 0076 4FF48051 		mov	r1, #4096
 787 007a 0648     		ldr	r0, .L55+16
 788 007c FFF7FEFF 		bl	HAL_GPIO_DeInit
 789              	.LVL52:
 790              		.loc 1 338 1 is_stmt 0 view .LVU247
 791 0080 C9E7     		b	.L47
 792              	.L56:
 793 0082 00BF     		.align	2
 794              	.L55:
ARM GAS  /tmp/cch0739J.s 			page 23


 795 0084 00580040 		.word	1073764352
 796 0088 005C0040 		.word	1073765376
 797 008c 001C0058 		.word	1476402176
 798 0090 00440258 		.word	1476543488
 799 0094 001C0258 		.word	1476533248
 800 0098 00040258 		.word	1476527104
 801              		.cfi_endproc
 802              	.LFE339:
 804              		.global	hi2c4
 805              		.global	hi2c3
 806              		.global	hi2c2
 807              		.section	.bss.hi2c2,"aw",%nobits
 808              		.align	2
 809              		.set	.LANCHOR0,. + 0
 812              	hi2c2:
 813 0000 00000000 		.space	84
 813      00000000 
 813      00000000 
 813      00000000 
 813      00000000 
 814              		.section	.bss.hi2c3,"aw",%nobits
 815              		.align	2
 816              		.set	.LANCHOR1,. + 0
 819              	hi2c3:
 820 0000 00000000 		.space	84
 820      00000000 
 820      00000000 
 820      00000000 
 820      00000000 
 821              		.section	.bss.hi2c4,"aw",%nobits
 822              		.align	2
 823              		.set	.LANCHOR2,. + 0
 826              	hi2c4:
 827 0000 00000000 		.space	84
 827      00000000 
 827      00000000 
 827      00000000 
 827      00000000 
 828              		.text
 829              	.Letext0:
 830              		.file 2 "/home/julius/University/JKU/NetworkedES/arm/arm-none-eabi/include/machine/_default_types.
 831              		.file 3 "/home/julius/University/JKU/NetworkedES/arm/arm-none-eabi/include/sys/_stdint.h"
 832              		.file 4 "Drivers/CMSIS/Device/ST/STM32H7xx/Include/stm32h743xx.h"
 833              		.file 5 "Drivers/STM32H7xx_HAL_Driver/Inc/stm32h7xx_hal_def.h"
 834              		.file 6 "Drivers/STM32H7xx_HAL_Driver/Inc/stm32h7xx_hal_rcc_ex.h"
 835              		.file 7 "Drivers/STM32H7xx_HAL_Driver/Inc/stm32h7xx_hal_gpio.h"
 836              		.file 8 "Drivers/STM32H7xx_HAL_Driver/Inc/stm32h7xx_hal_dma.h"
 837              		.file 9 "Drivers/STM32H7xx_HAL_Driver/Inc/stm32h7xx_hal_i2c.h"
 838              		.file 10 "Inc/i2c.h"
 839              		.file 11 "Inc/main.h"
 840              		.file 12 "Drivers/STM32H7xx_HAL_Driver/Inc/stm32h7xx_hal_i2c_ex.h"
 841              		.file 13 "<built-in>"
ARM GAS  /tmp/cch0739J.s 			page 24


DEFINED SYMBOLS
                            *ABS*:0000000000000000 i2c.c
     /tmp/cch0739J.s:19     .text.MX_I2C2_Init:0000000000000000 $t
     /tmp/cch0739J.s:25     .text.MX_I2C2_Init:0000000000000000 MX_I2C2_Init
     /tmp/cch0739J.s:115    .text.MX_I2C2_Init:000000000000004c $d
     /tmp/cch0739J.s:122    .text.MX_I2C3_Init:0000000000000000 $t
     /tmp/cch0739J.s:128    .text.MX_I2C3_Init:0000000000000000 MX_I2C3_Init
     /tmp/cch0739J.s:217    .text.MX_I2C3_Init:000000000000004c $d
     /tmp/cch0739J.s:224    .text.MX_I2C4_Init:0000000000000000 $t
     /tmp/cch0739J.s:230    .text.MX_I2C4_Init:0000000000000000 MX_I2C4_Init
     /tmp/cch0739J.s:319    .text.MX_I2C4_Init:000000000000004c $d
     /tmp/cch0739J.s:326    .text.HAL_I2C_MspInit:0000000000000000 $t
     /tmp/cch0739J.s:332    .text.HAL_I2C_MspInit:0000000000000000 HAL_I2C_MspInit
     /tmp/cch0739J.s:679    .text.HAL_I2C_MspInit:0000000000000198 $d
     /tmp/cch0739J.s:689    .text.HAL_I2C_MspDeInit:0000000000000000 $t
     /tmp/cch0739J.s:695    .text.HAL_I2C_MspDeInit:0000000000000000 HAL_I2C_MspDeInit
     /tmp/cch0739J.s:795    .text.HAL_I2C_MspDeInit:0000000000000084 $d
     /tmp/cch0739J.s:826    .bss.hi2c4:0000000000000000 hi2c4
     /tmp/cch0739J.s:819    .bss.hi2c3:0000000000000000 hi2c3
     /tmp/cch0739J.s:812    .bss.hi2c2:0000000000000000 hi2c2
     /tmp/cch0739J.s:808    .bss.hi2c2:0000000000000000 $d
     /tmp/cch0739J.s:815    .bss.hi2c3:0000000000000000 $d
     /tmp/cch0739J.s:822    .bss.hi2c4:0000000000000000 $d

UNDEFINED SYMBOLS
HAL_I2C_Init
HAL_I2CEx_ConfigAnalogFilter
HAL_I2CEx_ConfigDigitalFilter
Error_Handler
memset
HAL_RCCEx_PeriphCLKConfig
HAL_GPIO_Init
HAL_GPIO_DeInit
